====================================================================================================
2017-07-27 14:02:26 150407
URL:/index.php/2144/Test/C
POST:
CODE : B00001
Error : Allowed memory size of 134217728 bytes exhausted (tried to allocate 25165832 bytes) in E:\htdocs\yl_server\branch\controller\Test.php on line 61 
====================================================================================================
2017-07-27 14:02:47 238817
URL:/index.php/2144/Test/C
POST:
CODE : B00001
Error : Allowed memory size of 134217728 bytes exhausted (tried to allocate 25165832 bytes) in E:\htdocs\yl_server\branch\controller\Test.php on line 62 
====================================================================================================
2017-07-27 14:03:45 381928
URL:/index.php/2144/Test/C
POST:
CODE : B00001
Error : Allowed memory size of 16777216 bytes exhausted (tried to allocate 3145736 bytes) in E:\htdocs\yl_server\branch\controller\Test.php on line 62 
====================================================================================================
2017-07-27 14:03:51 453787
URL:/index.php/2144/Test/C
POST:
CODE : B00001
Error : Allowed memory size of 16777216 bytes exhausted (tried to allocate 3145736 bytes) in E:\htdocs\yl_server\branch\controller\Test.php on line 62 
====================================================================================================
2017-07-27 14:03:52 933644
URL:/index.php/2144/Test/C
POST:
CODE : B00001
Error : Allowed memory size of 16777216 bytes exhausted (tried to allocate 3145736 bytes) in E:\htdocs\yl_server\branch\controller\Test.php on line 62 
====================================================================================================
2017-07-27 14:04:10 144602
URL:/index.php/2144/Test/C
POST:
CODE : B00001
Error : Allowed memory size of 31457280 bytes exhausted (tried to allocate 6291464 bytes) in E:\htdocs\yl_server\branch\controller\Test.php on line 62 
====================================================================================================
2017-07-27 14:04:42 278494
URL:/index.php/2144/Test/C
POST:
CODE : B00001
Error : Allowed memory size of 267386880 bytes exhausted (tried to allocate 50331656 bytes) in E:\htdocs\yl_server\branch\controller\Test.php on line 62 
====================================================================================================
2017-07-27 14:06:20 694884
URL:/index.php/2144/Test/C
POST:
CODE : B00001
Error : Allowed memory size of 31457280 bytes exhausted (tried to allocate 6291464 bytes) in E:\htdocs\yl_server\branch\controller\Test.php on line 62 
====================================================================================================
2017-07-27 14:06:28 69355
URL:/index.php/2144/Test/C
POST:
CODE : B00001
Error : Allowed memory size of 134217728 bytes exhausted (tried to allocate 25165832 bytes) in E:\htdocs\yl_server\branch\controller\Test.php on line 61 
====================================================================================================
2017-07-27 14:07:01 605242
URL:/index.php/2144/Test/C
POST:
CODE : B00001
Error : Allowed memory size of 134217728 bytes exhausted (tried to allocate 25165832 bytes) in E:\htdocs\yl_server\branch\controller\Test.php on line 61 
