====================================================================================================
2017-07-19 12:13:30 61613
URL:/index.php/2144/Test/C
POST:
CODE : B00001
Warning : array_push() expects parameter 1 to be array, null given in E:\htdocs\yl_server\branch\model\Battle.php on line 210 
Backtrace[1]: (function) array_push : E:\htdocs\yl_server\branch\model\Battle.php on line 210 
Backtrace[2]: (function) _get_battle_drop : E:\htdocs\yl_server\branch\core\Model.php on line 79 
Backtrace[3]: (function) __call : E:\htdocs\yl_server\branch\controller\Test.php on line 61 
Backtrace[4]: (function) actionC : E:\htdocs\yl_server\branch\index.php on line 76 
====================================================================================================
2017-07-19 12:16:18 69174
URL:/index.php/2144/Test/C
POST:
CODE : B00001
Warning : Invalid argument supplied for foreach() in E:\htdocs\yl_server\branch\model\Battle.php on line 218 
Backtrace[0]: (function) error_handler : E:\htdocs\yl_server\branch\model\Battle.php on line 218 
Backtrace[1]: (function) _get_battle_drop : E:\htdocs\yl_server\branch\core\Model.php on line 79 
Backtrace[2]: (function) __call : E:\htdocs\yl_server\branch\controller\Test.php on line 61 
Backtrace[3]: (function) actionC : E:\htdocs\yl_server\branch\index.php on line 76 
====================================================================================================
2017-07-19 12:16:57 99451
URL:/index.php/2144/Test/C
POST:
CODE : B00001
Notice : Undefined variable: id in E:\htdocs\yl_server\branch\model\Battle.php on line 280 
Backtrace[0]: (function) error_handler : E:\htdocs\yl_server\branch\model\Battle.php on line 280 
Backtrace[1]: (function) _get_battle_drop : E:\htdocs\yl_server\branch\core\Model.php on line 79 
Backtrace[2]: (function) __call : E:\htdocs\yl_server\branch\controller\Test.php on line 61 
Backtrace[3]: (function) actionC : E:\htdocs\yl_server\branch\index.php on line 76 
====================================================================================================
2017-07-19 12:17:52 287588
URL:/index.php/2144/Test/C
POST:
CODE : B00001
Notice : Undefined index: rate in E:\htdocs\yl_server\branch\model\Battle.php on line 282 
Backtrace[0]: (function) error_handler : E:\htdocs\yl_server\branch\model\Battle.php on line 282 
Backtrace[1]: (function) _get_battle_drop : E:\htdocs\yl_server\branch\core\Model.php on line 79 
Backtrace[2]: (function) __call : E:\htdocs\yl_server\branch\controller\Test.php on line 61 
Backtrace[3]: (function) actionC : E:\htdocs\yl_server\branch\index.php on line 76 
====================================================================================================
2017-07-19 12:19:13 738233
URL:/index.php/2144/Test/C
POST:
CODE : B00001
Warning : array_push() expects parameter 1 to be array, null given in E:\htdocs\yl_server\branch\model\Battle.php on line 283 
Backtrace[1]: (function) array_push : E:\htdocs\yl_server\branch\model\Battle.php on line 283 
Backtrace[2]: (function) _get_battle_drop : E:\htdocs\yl_server\branch\core\Model.php on line 79 
Backtrace[3]: (function) __call : E:\htdocs\yl_server\branch\controller\Test.php on line 61 
Backtrace[4]: (function) actionC : E:\htdocs\yl_server\branch\index.php on line 76 
====================================================================================================
2017-07-19 12:29:25 293453
URL:/index.php/2144/Test/C
POST:
CODE : B00001
Warning : array_push() expects parameter 1 to be array, null given in E:\htdocs\yl_server\branch\model\Battle.php on line 283 
Backtrace[1]: (function) array_push : E:\htdocs\yl_server\branch\model\Battle.php on line 283 
Backtrace[2]: (function) _get_battle_drop : E:\htdocs\yl_server\branch\core\Model.php on line 79 
Backtrace[3]: (function) __call : E:\htdocs\yl_server\branch\controller\Test.php on line 61 
Backtrace[4]: (function) actionC : E:\htdocs\yl_server\branch\index.php on line 76 
====================================================================================================
2017-07-19 12:30:12 300597
URL:/index.php/2144/Battle/BattleBegin
POST:authtoken=eyJleHAiOjg2NDAwLCJnZW4iOiIxNTAwNDM4NjEyIn0.eyJ1c2VyX2lkIjoiNiIsInVzZXJuYW1lIjoiNjQ4MTI1NjUzQHFxLmNvbSIsInZlcnNpb24iOiIwMS4wMC4wMCJ9.MDI4ZWRlOTI3OTZhZWM5ZmFkMThkN2MzZWEwYjhiZGU&battle_type=event&event_id=10101&explore_id=101&map_id=1&sign=d148b1e2a9da244481808718de2a49f6&team_id=3
CODE : B00001
Error :  in E:\htdocs\yl_server\branch\core\Common.php on line 70 
Backtrace[0]: (function) throw_exception : E:\htdocs\yl_server\branch\model\Battle.php on line 36 
Backtrace[1]: (function) _add_battle_process : E:\htdocs\yl_server\branch\core\Model.php on line 79 
Backtrace[2]: (function) __call : E:\htdocs\yl_server\branch\controller\Battle.php on line 37 
Backtrace[3]: (function) actionBattleBegin : E:\htdocs\yl_server\branch\index.php on line 76 
====================================================================================================
2017-07-19 12:30:56 478036
URL:/index.php/2144/Battle/BattleBegin
POST:authtoken=eyJleHAiOjg2NDAwLCJnZW4iOiIxNTAwNDM4NjU2In0.eyJ1c2VyX2lkIjoiNiIsInVzZXJuYW1lIjoiNjQ4MTI1NjUzQHFxLmNvbSIsInZlcnNpb24iOiIwMS4wMC4wMCJ9.YjdlNTlhMTBjODhhZjI0MTQzNjdmNDgwYWE2YzRjMmM&battle_type=event&event_id=10101&explore_id=101&map_id=1&sign=77c110103f6381fde9f3c07a5b2d0215&team_id=3
CODE : B00001
Error :  in E:\htdocs\yl_server\branch\core\Common.php on line 70 
Backtrace[0]: (function) throw_exception : E:\htdocs\yl_server\branch\model\Battle.php on line 36 
Backtrace[1]: (function) _add_battle_process : E:\htdocs\yl_server\branch\core\Model.php on line 79 
Backtrace[2]: (function) __call : E:\htdocs\yl_server\branch\controller\Battle.php on line 37 
Backtrace[3]: (function) actionBattleBegin : E:\htdocs\yl_server\branch\index.php on line 76 
====================================================================================================
2017-07-19 12:31:16 4097
URL:/index.php/2144/Battle/BattleBegin
POST:authtoken=eyJleHAiOjg2NDAwLCJnZW4iOiIxNTAwNDM4Njc2In0.eyJ1c2VyX2lkIjoiNiIsInVzZXJuYW1lIjoiNjQ4MTI1NjUzQHFxLmNvbSIsInZlcnNpb24iOiIwMS4wMC4wMCJ9.NmIyOGZiZWFlYWI2YTcyMzUyNGE3MmFjZjEwODhlOGY&battle_type=event&event_id=10101&explore_id=101&map_id=1&sign=2b3864738c9e0b41dbc979109cb9cdde&team_id=3
CODE : B00001
Error :  in E:\htdocs\yl_server\branch\core\Common.php on line 70 
Backtrace[0]: (function) throw_exception : E:\htdocs\yl_server\branch\model\Battle.php on line 36 
Backtrace[1]: (function) _add_battle_process : E:\htdocs\yl_server\branch\core\Model.php on line 79 
Backtrace[2]: (function) __call : E:\htdocs\yl_server\branch\controller\Battle.php on line 37 
Backtrace[3]: (function) actionBattleBegin : E:\htdocs\yl_server\branch\index.php on line 76 
====================================================================================================
2017-07-19 12:47:52 414984
URL:/index.php/2144/Battle/BattleBegin
POST:authtoken=eyJleHAiOjg2NDAwLCJnZW4iOiIxNTAwNDM5NjcyIn0.eyJ1c2VyX2lkIjoiNiIsInVzZXJuYW1lIjoiNjQ4MTI1NjUzQHFxLmNvbSIsInZlcnNpb24iOiIwMS4wMC4wMCJ9.YTJkYTdkMGE0N2JiYjNjNzAzMDgzODkzOWRiMzgzY2U&battle_type=event&event_id=10101&explore_id=101&map_id=1&sign=93ca7162a9dca8eedf31b57193b49b76&team_id=3
CODE : B00001
Error :  in E:\htdocs\yl_server\branch\core\Common.php on line 70 
Backtrace[0]: (function) throw_exception : E:\htdocs\yl_server\branch\model\Battle.php on line 36 
Backtrace[1]: (function) _add_battle_process : E:\htdocs\yl_server\branch\core\Model.php on line 79 
Backtrace[2]: (function) __call : E:\htdocs\yl_server\branch\controller\Battle.php on line 37 
Backtrace[3]: (function) actionBattleBegin : E:\htdocs\yl_server\branch\index.php on line 76 
====================================================================================================
2017-07-19 12:47:54 746748
URL:/index.php/2144/Battle/BattleBegin
POST:authtoken=eyJleHAiOjg2NDAwLCJnZW4iOiIxNTAwNDM5Njc0In0.eyJ1c2VyX2lkIjoiNiIsInVzZXJuYW1lIjoiNjQ4MTI1NjUzQHFxLmNvbSIsInZlcnNpb24iOiIwMS4wMC4wMCJ9.OTEyZDAwODgwZDE4NTZkOWJhZTE0ZTZiMWRiOGE5YzA&battle_type=event&event_id=10101&explore_id=101&map_id=1&sign=29a86f53bea973667df9b628b09a1e9f&team_id=3
CODE : B00001
Error :  in E:\htdocs\yl_server\branch\core\Common.php on line 70 
Backtrace[0]: (function) throw_exception : E:\htdocs\yl_server\branch\model\Battle.php on line 36 
Backtrace[1]: (function) _add_battle_process : E:\htdocs\yl_server\branch\core\Model.php on line 79 
Backtrace[2]: (function) __call : E:\htdocs\yl_server\branch\controller\Battle.php on line 37 
Backtrace[3]: (function) actionBattleBegin : E:\htdocs\yl_server\branch\index.php on line 76 
====================================================================================================
2017-07-19 12:47:55 364334
URL:/index.php/2144/Battle/BattleBegin
POST:authtoken=eyJleHAiOjg2NDAwLCJnZW4iOiIxNTAwNDM5Njc1In0.eyJ1c2VyX2lkIjoiNiIsInVzZXJuYW1lIjoiNjQ4MTI1NjUzQHFxLmNvbSIsInZlcnNpb24iOiIwMS4wMC4wMCJ9.OWVmZTc5NzIyZTMyNDRhYzMyZTRhZTc0NTIzYmI2NzQ&battle_type=event&event_id=10101&explore_id=101&map_id=1&sign=3de6d038045d65f3d0ce7cc87f12bc15&team_id=3
CODE : B00001
Error :  in E:\htdocs\yl_server\branch\core\Common.php on line 70 
Backtrace[0]: (function) throw_exception : E:\htdocs\yl_server\branch\model\Battle.php on line 36 
Backtrace[1]: (function) _add_battle_process : E:\htdocs\yl_server\branch\core\Model.php on line 79 
Backtrace[2]: (function) __call : E:\htdocs\yl_server\branch\controller\Battle.php on line 37 
Backtrace[3]: (function) actionBattleBegin : E:\htdocs\yl_server\branch\index.php on line 76 
====================================================================================================
2017-07-19 12:47:55 964008
URL:/index.php/2144/Battle/BattleBegin
POST:authtoken=eyJleHAiOjg2NDAwLCJnZW4iOiIxNTAwNDM5Njc1In0.eyJ1c2VyX2lkIjoiNiIsInVzZXJuYW1lIjoiNjQ4MTI1NjUzQHFxLmNvbSIsInZlcnNpb24iOiIwMS4wMC4wMCJ9.OWVmZTc5NzIyZTMyNDRhYzMyZTRhZTc0NTIzYmI2NzQ&battle_type=event&event_id=10101&explore_id=101&map_id=1&sign=3de6d038045d65f3d0ce7cc87f12bc15&team_id=3
CODE : B00001
Error :  in E:\htdocs\yl_server\branch\core\Common.php on line 70 
Backtrace[0]: (function) throw_exception : E:\htdocs\yl_server\branch\model\Battle.php on line 36 
Backtrace[1]: (function) _add_battle_process : E:\htdocs\yl_server\branch\core\Model.php on line 79 
Backtrace[2]: (function) __call : E:\htdocs\yl_server\branch\controller\Battle.php on line 37 
Backtrace[3]: (function) actionBattleBegin : E:\htdocs\yl_server\branch\index.php on line 76 
====================================================================================================
2017-07-19 12:51:55 1227
URL:/index.php/2144/Test/C
POST:
CODE : B00001
Warning : Invalid argument supplied for foreach() in E:\htdocs\yl_server\branch\model\Battle.php on line 216 
Backtrace[0]: (function) error_handler : E:\htdocs\yl_server\branch\model\Battle.php on line 216 
Backtrace[1]: (function) _explain_drop_ids : E:\htdocs\yl_server\branch\core\Model.php on line 79 
Backtrace[2]: (function) __call : E:\htdocs\yl_server\branch\model\Battle.php on line 312 
Backtrace[3]: (function) _get_battle_drop : E:\htdocs\yl_server\branch\core\Model.php on line 79 
Backtrace[4]: (function) __call : E:\htdocs\yl_server\branch\controller\Test.php on line 63 
Backtrace[5]: (function) actionC : E:\htdocs\yl_server\branch\index.php on line 76 
====================================================================================================
2017-07-19 12:52:33 60535
URL:/index.php/2144/Battle/BattleBegin
POST:authtoken=eyJleHAiOjg2NDAwLCJnZW4iOiIxNTAwNDM5OTUzIn0.eyJ1c2VyX2lkIjoiNiIsInVzZXJuYW1lIjoiNjQ4MTI1NjUzQHFxLmNvbSIsInZlcnNpb24iOiIwMS4wMC4wMCJ9.YjhhZGU1NTNiMGEzMDc2NTMyYzg4NzkxMDkyY2E4ZjE&battle_type=event&event_id=10101&explore_id=101&map_id=1&sign=39ce6baaa9cccde618adac0ac86c9ec6&team_id=3
CODE : B00001
Error :  in E:\htdocs\yl_server\branch\core\Common.php on line 70 
Backtrace[0]: (function) throw_exception : E:\htdocs\yl_server\branch\model\Battle.php on line 36 
Backtrace[1]: (function) _add_battle_process : E:\htdocs\yl_server\branch\core\Model.php on line 79 
Backtrace[2]: (function) __call : E:\htdocs\yl_server\branch\controller\Battle.php on line 37 
Backtrace[3]: (function) actionBattleBegin : E:\htdocs\yl_server\branch\index.php on line 76 
====================================================================================================
2017-07-19 12:52:36 970816
URL:/index.php/2144/Battle/BattleBegin
POST:authtoken=eyJleHAiOjg2NDAwLCJnZW4iOiIxNTAwNDM5OTU2In0.eyJ1c2VyX2lkIjoiNiIsInVzZXJuYW1lIjoiNjQ4MTI1NjUzQHFxLmNvbSIsInZlcnNpb24iOiIwMS4wMC4wMCJ9.YTliOTc1YzNjZGZjZGEwNjZjMmQzYTgxMmYxMzMwMGU&battle_type=event&event_id=10101&explore_id=101&map_id=1&sign=2a9aaa92171a18a15580ebd3e5285ab0&team_id=3
CODE : B00001
Error :  in E:\htdocs\yl_server\branch\core\Common.php on line 70 
Backtrace[0]: (function) throw_exception : E:\htdocs\yl_server\branch\model\Battle.php on line 36 
Backtrace[1]: (function) _add_battle_process : E:\htdocs\yl_server\branch\core\Model.php on line 79 
Backtrace[2]: (function) __call : E:\htdocs\yl_server\branch\controller\Battle.php on line 37 
Backtrace[3]: (function) actionBattleBegin : E:\htdocs\yl_server\branch\index.php on line 76 
====================================================================================================
2017-07-19 12:52:38 104181
URL:/index.php/2144/Battle/BattleBegin
POST:authtoken=eyJleHAiOjg2NDAwLCJnZW4iOiIxNTAwNDM5OTU3In0.eyJ1c2VyX2lkIjoiNiIsInVzZXJuYW1lIjoiNjQ4MTI1NjUzQHFxLmNvbSIsInZlcnNpb24iOiIwMS4wMC4wMCJ9.ZTI4MTk3Mjg4ZjI4MGMwNTIxZjNjNDhmZTk5MmY1MWM&battle_type=event&event_id=10101&explore_id=101&map_id=1&sign=8a25ff3829ff2a184e74e38299319946&team_id=3
CODE : B00001
Error :  in E:\htdocs\yl_server\branch\core\Common.php on line 70 
Backtrace[0]: (function) throw_exception : E:\htdocs\yl_server\branch\model\Battle.php on line 36 
Backtrace[1]: (function) _add_battle_process : E:\htdocs\yl_server\branch\core\Model.php on line 79 
Backtrace[2]: (function) __call : E:\htdocs\yl_server\branch\controller\Battle.php on line 37 
Backtrace[3]: (function) actionBattleBegin : E:\htdocs\yl_server\branch\index.php on line 76 
====================================================================================================
2017-07-19 12:52:39 52661
URL:/index.php/2144/Battle/BattleBegin
POST:authtoken=eyJleHAiOjg2NDAwLCJnZW4iOiIxNTAwNDM5OTU4In0.eyJ1c2VyX2lkIjoiNiIsInVzZXJuYW1lIjoiNjQ4MTI1NjUzQHFxLmNvbSIsInZlcnNpb24iOiIwMS4wMC4wMCJ9.ZmYzOWRkNDI2NDUzNmVmNjAwMzM1OTZkODZkZDkyYmE&battle_type=event&event_id=10101&explore_id=101&map_id=1&sign=7a62965f93fc593e6ac6d34c2b73fe25&team_id=3
CODE : B00001
Error :  in E:\htdocs\yl_server\branch\core\Common.php on line 70 
Backtrace[0]: (function) throw_exception : E:\htdocs\yl_server\branch\model\Battle.php on line 36 
Backtrace[1]: (function) _add_battle_process : E:\htdocs\yl_server\branch\core\Model.php on line 79 
Backtrace[2]: (function) __call : E:\htdocs\yl_server\branch\controller\Battle.php on line 37 
Backtrace[3]: (function) actionBattleBegin : E:\htdocs\yl_server\branch\index.php on line 76 
====================================================================================================
2017-07-19 12:52:40 122844
URL:/index.php/2144/Battle/BattleBegin
POST:authtoken=eyJleHAiOjg2NDAwLCJnZW4iOiIxNTAwNDM5OTYwIn0.eyJ1c2VyX2lkIjoiNiIsInVzZXJuYW1lIjoiNjQ4MTI1NjUzQHFxLmNvbSIsInZlcnNpb24iOiIwMS4wMC4wMCJ9.YjNiNjkzNTUzMThlYzMzMGU3Zjk0OWY1MWM2NDViMzg&battle_type=event&event_id=10101&explore_id=101&map_id=1&sign=1fb766596ac59a28556fc9c7b7a73858&team_id=3
CODE : B00001
Error :  in E:\htdocs\yl_server\branch\core\Common.php on line 70 
Backtrace[0]: (function) throw_exception : E:\htdocs\yl_server\branch\model\Battle.php on line 36 
Backtrace[1]: (function) _add_battle_process : E:\htdocs\yl_server\branch\core\Model.php on line 79 
Backtrace[2]: (function) __call : E:\htdocs\yl_server\branch\controller\Battle.php on line 37 
Backtrace[3]: (function) actionBattleBegin : E:\htdocs\yl_server\branch\index.php on line 76 
====================================================================================================
2017-07-19 12:52:40 883482
URL:/index.php/2144/Battle/BattleBegin
POST:authtoken=eyJleHAiOjg2NDAwLCJnZW4iOiIxNTAwNDM5OTYwIn0.eyJ1c2VyX2lkIjoiNiIsInVzZXJuYW1lIjoiNjQ4MTI1NjUzQHFxLmNvbSIsInZlcnNpb24iOiIwMS4wMC4wMCJ9.YjNiNjkzNTUzMThlYzMzMGU3Zjk0OWY1MWM2NDViMzg&battle_type=event&event_id=10101&explore_id=101&map_id=1&sign=1fb766596ac59a28556fc9c7b7a73858&team_id=3
CODE : B00001
Error :  in E:\htdocs\yl_server\branch\core\Common.php on line 70 
Backtrace[0]: (function) throw_exception : E:\htdocs\yl_server\branch\model\Battle.php on line 36 
Backtrace[1]: (function) _add_battle_process : E:\htdocs\yl_server\branch\core\Model.php on line 79 
Backtrace[2]: (function) __call : E:\htdocs\yl_server\branch\controller\Battle.php on line 37 
Backtrace[3]: (function) actionBattleBegin : E:\htdocs\yl_server\branch\index.php on line 76 
====================================================================================================
2017-07-19 12:52:41 69432
URL:/index.php/2144/Battle/BattleBegin
POST:authtoken=eyJleHAiOjg2NDAwLCJnZW4iOiIxNTAwNDM5OTYxIn0.eyJ1c2VyX2lkIjoiNiIsInVzZXJuYW1lIjoiNjQ4MTI1NjUzQHFxLmNvbSIsInZlcnNpb24iOiIwMS4wMC4wMCJ9.NTkxOTVjMjZiNmNlZmU5ZWVjYzFmZjI4NTUxYTE1NzY&battle_type=event&event_id=10101&explore_id=101&map_id=1&sign=0888fccd64f80e8b6b9ebac6624b5da3&team_id=3
CODE : B00001
Error :  in E:\htdocs\yl_server\branch\core\Common.php on line 70 
Backtrace[0]: (function) throw_exception : E:\htdocs\yl_server\branch\model\Battle.php on line 36 
Backtrace[1]: (function) _add_battle_process : E:\htdocs\yl_server\branch\core\Model.php on line 79 
Backtrace[2]: (function) __call : E:\htdocs\yl_server\branch\controller\Battle.php on line 37 
Backtrace[3]: (function) actionBattleBegin : E:\htdocs\yl_server\branch\index.php on line 76 
====================================================================================================
2017-07-19 12:52:42 472007
URL:/index.php/2144/Battle/BattleBegin
POST:authtoken=eyJleHAiOjg2NDAwLCJnZW4iOiIxNTAwNDM5OTYyIn0.eyJ1c2VyX2lkIjoiNiIsInVzZXJuYW1lIjoiNjQ4MTI1NjUzQHFxLmNvbSIsInZlcnNpb24iOiIwMS4wMC4wMCJ9.NzhiYjZhZjc2OGY5NjI5MDE1YjRjMTQ4NjVlZDY1ZjM&battle_type=event&event_id=10101&explore_id=101&map_id=1&sign=5ac4e89b8cc50be4442915857cc18eb6&team_id=3
CODE : B00001
Error :  in E:\htdocs\yl_server\branch\core\Common.php on line 70 
Backtrace[0]: (function) throw_exception : E:\htdocs\yl_server\branch\model\Battle.php on line 36 
Backtrace[1]: (function) _add_battle_process : E:\htdocs\yl_server\branch\core\Model.php on line 79 
Backtrace[2]: (function) __call : E:\htdocs\yl_server\branch\controller\Battle.php on line 37 
Backtrace[3]: (function) actionBattleBegin : E:\htdocs\yl_server\branch\index.php on line 76 
====================================================================================================
2017-07-19 12:52:43 184136
URL:/index.php/2144/Battle/BattleBegin
POST:authtoken=eyJleHAiOjg2NDAwLCJnZW4iOiIxNTAwNDM5OTYzIn0.eyJ1c2VyX2lkIjoiNiIsInVzZXJuYW1lIjoiNjQ4MTI1NjUzQHFxLmNvbSIsInZlcnNpb24iOiIwMS4wMC4wMCJ9.N2QzNzIwZWM4MTlkZjJjNjg2ZWY4MDY5ZWFlMTExOWM&battle_type=event&event_id=10101&explore_id=101&map_id=1&sign=37e50696a23e337bca2311e065407885&team_id=3
CODE : B00001
Error :  in E:\htdocs\yl_server\branch\core\Common.php on line 70 
Backtrace[0]: (function) throw_exception : E:\htdocs\yl_server\branch\model\Battle.php on line 36 
Backtrace[1]: (function) _add_battle_process : E:\htdocs\yl_server\branch\core\Model.php on line 79 
Backtrace[2]: (function) __call : E:\htdocs\yl_server\branch\controller\Battle.php on line 37 
Backtrace[3]: (function) actionBattleBegin : E:\htdocs\yl_server\branch\index.php on line 76 
====================================================================================================
2017-07-19 12:52:45 2503
URL:/index.php/2144/Battle/BattleBegin
POST:authtoken=eyJleHAiOjg2NDAwLCJnZW4iOiIxNTAwNDM5OTY0In0.eyJ1c2VyX2lkIjoiNiIsInVzZXJuYW1lIjoiNjQ4MTI1NjUzQHFxLmNvbSIsInZlcnNpb24iOiIwMS4wMC4wMCJ9.MmYyMTdlMTQyOTBiMjM0NjBhY2IwYzQ1NWFlMDk4NTE&battle_type=event&event_id=10101&explore_id=101&map_id=1&sign=5e45a625561c04e7be602ed845723caf&team_id=3
CODE : B00001
Error :  in E:\htdocs\yl_server\branch\core\Common.php on line 70 
Backtrace[0]: (function) throw_exception : E:\htdocs\yl_server\branch\model\Battle.php on line 36 
Backtrace[1]: (function) _add_battle_process : E:\htdocs\yl_server\branch\core\Model.php on line 79 
Backtrace[2]: (function) __call : E:\htdocs\yl_server\branch\controller\Battle.php on line 37 
Backtrace[3]: (function) actionBattleBegin : E:\htdocs\yl_server\branch\index.php on line 76 
====================================================================================================
2017-07-19 12:52:45 704653
URL:/index.php/2144/Battle/BattleBegin
POST:authtoken=eyJleHAiOjg2NDAwLCJnZW4iOiIxNTAwNDM5OTY1In0.eyJ1c2VyX2lkIjoiNiIsInVzZXJuYW1lIjoiNjQ4MTI1NjUzQHFxLmNvbSIsInZlcnNpb24iOiIwMS4wMC4wMCJ9.M2Q4MzU3OTVlMjJiMzdiNzE1YTUzMmY1MWJkNGJmODQ&battle_type=event&event_id=10101&explore_id=101&map_id=1&sign=89448580b0a47fd277bc977576318b21&team_id=3
CODE : B00001
Error :  in E:\htdocs\yl_server\branch\core\Common.php on line 70 
Backtrace[0]: (function) throw_exception : E:\htdocs\yl_server\branch\model\Battle.php on line 36 
Backtrace[1]: (function) _add_battle_process : E:\htdocs\yl_server\branch\core\Model.php on line 79 
Backtrace[2]: (function) __call : E:\htdocs\yl_server\branch\controller\Battle.php on line 37 
Backtrace[3]: (function) actionBattleBegin : E:\htdocs\yl_server\branch\index.php on line 76 
====================================================================================================
2017-07-19 12:52:46 367379
URL:/index.php/2144/Battle/BattleBegin
POST:authtoken=eyJleHAiOjg2NDAwLCJnZW4iOiIxNTAwNDM5OTY2In0.eyJ1c2VyX2lkIjoiNiIsInVzZXJuYW1lIjoiNjQ4MTI1NjUzQHFxLmNvbSIsInZlcnNpb24iOiIwMS4wMC4wMCJ9.Y2YwZWY5YjYxZDUxMjMyMjI1NTU4NDgwZGYyOGE4ZGM&battle_type=event&event_id=10101&explore_id=101&map_id=1&sign=d1e0da00df10725b5d57dcbc250bba9d&team_id=3
CODE : B00001
Error :  in E:\htdocs\yl_server\branch\core\Common.php on line 70 
Backtrace[0]: (function) throw_exception : E:\htdocs\yl_server\branch\model\Battle.php on line 36 
Backtrace[1]: (function) _add_battle_process : E:\htdocs\yl_server\branch\core\Model.php on line 79 
Backtrace[2]: (function) __call : E:\htdocs\yl_server\branch\controller\Battle.php on line 37 
Backtrace[3]: (function) actionBattleBegin : E:\htdocs\yl_server\branch\index.php on line 76 
====================================================================================================
2017-07-19 12:52:47 902
URL:/index.php/2144/Battle/BattleBegin
POST:authtoken=eyJleHAiOjg2NDAwLCJnZW4iOiIxNTAwNDM5OTY2In0.eyJ1c2VyX2lkIjoiNiIsInVzZXJuYW1lIjoiNjQ4MTI1NjUzQHFxLmNvbSIsInZlcnNpb24iOiIwMS4wMC4wMCJ9.Y2YwZWY5YjYxZDUxMjMyMjI1NTU4NDgwZGYyOGE4ZGM&battle_type=event&event_id=10101&explore_id=101&map_id=1&sign=d1e0da00df10725b5d57dcbc250bba9d&team_id=3
CODE : B00001
Error :  in E:\htdocs\yl_server\branch\core\Common.php on line 70 
Backtrace[0]: (function) throw_exception : E:\htdocs\yl_server\branch\model\Battle.php on line 36 
Backtrace[1]: (function) _add_battle_process : E:\htdocs\yl_server\branch\core\Model.php on line 79 
Backtrace[2]: (function) __call : E:\htdocs\yl_server\branch\controller\Battle.php on line 37 
Backtrace[3]: (function) actionBattleBegin : E:\htdocs\yl_server\branch\index.php on line 76 
====================================================================================================
2017-07-19 12:52:47 588077
URL:/index.php/2144/Battle/BattleBegin
POST:authtoken=eyJleHAiOjg2NDAwLCJnZW4iOiIxNTAwNDM5OTY3In0.eyJ1c2VyX2lkIjoiNiIsInVzZXJuYW1lIjoiNjQ4MTI1NjUzQHFxLmNvbSIsInZlcnNpb24iOiIwMS4wMC4wMCJ9.OWFjZGE2YzIzZjA3MmIwMDljNWU0OGJmYWRjOTg5MjU&battle_type=event&event_id=10101&explore_id=101&map_id=1&sign=173c6b22c085c4ffbaec24e5da9cf114&team_id=3
CODE : B00001
Error :  in E:\htdocs\yl_server\branch\core\Common.php on line 70 
Backtrace[0]: (function) throw_exception : E:\htdocs\yl_server\branch\model\Battle.php on line 36 
Backtrace[1]: (function) _add_battle_process : E:\htdocs\yl_server\branch\core\Model.php on line 79 
Backtrace[2]: (function) __call : E:\htdocs\yl_server\branch\controller\Battle.php on line 37 
Backtrace[3]: (function) actionBattleBegin : E:\htdocs\yl_server\branch\index.php on line 76 
====================================================================================================
2017-07-19 12:52:48 166583
URL:/index.php/2144/Battle/BattleBegin
POST:authtoken=eyJleHAiOjg2NDAwLCJnZW4iOiIxNTAwNDM5OTY4In0.eyJ1c2VyX2lkIjoiNiIsInVzZXJuYW1lIjoiNjQ4MTI1NjUzQHFxLmNvbSIsInZlcnNpb24iOiIwMS4wMC4wMCJ9.YmFkNjFmYTlmYWVmMWE5YTljMGMxZjY1ZWEzZTNiZTE&battle_type=event&event_id=10101&explore_id=101&map_id=1&sign=fb2d4530050db4ffc5eeb2d78aca9762&team_id=3
CODE : B00001
Error :  in E:\htdocs\yl_server\branch\core\Common.php on line 70 
Backtrace[0]: (function) throw_exception : E:\htdocs\yl_server\branch\model\Battle.php on line 36 
Backtrace[1]: (function) _add_battle_process : E:\htdocs\yl_server\branch\core\Model.php on line 79 
Backtrace[2]: (function) __call : E:\htdocs\yl_server\branch\controller\Battle.php on line 37 
Backtrace[3]: (function) actionBattleBegin : E:\htdocs\yl_server\branch\index.php on line 76 
====================================================================================================
2017-07-19 12:52:48 786728
URL:/index.php/2144/Battle/BattleBegin
POST:authtoken=eyJleHAiOjg2NDAwLCJnZW4iOiIxNTAwNDM5OTY4In0.eyJ1c2VyX2lkIjoiNiIsInVzZXJuYW1lIjoiNjQ4MTI1NjUzQHFxLmNvbSIsInZlcnNpb24iOiIwMS4wMC4wMCJ9.YmFkNjFmYTlmYWVmMWE5YTljMGMxZjY1ZWEzZTNiZTE&battle_type=event&event_id=10101&explore_id=101&map_id=1&sign=fb2d4530050db4ffc5eeb2d78aca9762&team_id=3
CODE : B00001
Error :  in E:\htdocs\yl_server\branch\core\Common.php on line 70 
Backtrace[0]: (function) throw_exception : E:\htdocs\yl_server\branch\model\Battle.php on line 36 
Backtrace[1]: (function) _add_battle_process : E:\htdocs\yl_server\branch\core\Model.php on line 79 
Backtrace[2]: (function) __call : E:\htdocs\yl_server\branch\controller\Battle.php on line 37 
Backtrace[3]: (function) actionBattleBegin : E:\htdocs\yl_server\branch\index.php on line 76 
====================================================================================================
2017-07-19 12:52:49 36069
URL:/index.php/2144/Battle/BattleBegin
POST:authtoken=eyJleHAiOjg2NDAwLCJnZW4iOiIxNTAwNDM5OTY5In0.eyJ1c2VyX2lkIjoiNiIsInVzZXJuYW1lIjoiNjQ4MTI1NjUzQHFxLmNvbSIsInZlcnNpb24iOiIwMS4wMC4wMCJ9.OWU0YTk4NTNhMTc2ZGViNTQ5OTY5OWYwNTdjZDI4MGM&battle_type=event&event_id=10101&explore_id=101&map_id=1&sign=2d1c7cbfbb21711141a8916f2a4290b1&team_id=3
CODE : B00001
Error :  in E:\htdocs\yl_server\branch\core\Common.php on line 70 
Backtrace[0]: (function) throw_exception : E:\htdocs\yl_server\branch\model\Battle.php on line 36 
Backtrace[1]: (function) _add_battle_process : E:\htdocs\yl_server\branch\core\Model.php on line 79 
Backtrace[2]: (function) __call : E:\htdocs\yl_server\branch\controller\Battle.php on line 37 
Backtrace[3]: (function) actionBattleBegin : E:\htdocs\yl_server\branch\index.php on line 76 
====================================================================================================
2017-07-19 12:52:49 916928
URL:/index.php/2144/Battle/BattleBegin
POST:authtoken=eyJleHAiOjg2NDAwLCJnZW4iOiIxNTAwNDM5OTY5In0.eyJ1c2VyX2lkIjoiNiIsInVzZXJuYW1lIjoiNjQ4MTI1NjUzQHFxLmNvbSIsInZlcnNpb24iOiIwMS4wMC4wMCJ9.OWU0YTk4NTNhMTc2ZGViNTQ5OTY5OWYwNTdjZDI4MGM&battle_type=event&event_id=10101&explore_id=101&map_id=1&sign=2d1c7cbfbb21711141a8916f2a4290b1&team_id=3
CODE : B00001
Error :  in E:\htdocs\yl_server\branch\core\Common.php on line 70 
Backtrace[0]: (function) throw_exception : E:\htdocs\yl_server\branch\model\Battle.php on line 36 
Backtrace[1]: (function) _add_battle_process : E:\htdocs\yl_server\branch\core\Model.php on line 79 
Backtrace[2]: (function) __call : E:\htdocs\yl_server\branch\controller\Battle.php on line 37 
Backtrace[3]: (function) actionBattleBegin : E:\htdocs\yl_server\branch\index.php on line 76 
====================================================================================================
2017-07-19 12:52:50 473063
URL:/index.php/2144/Battle/BattleBegin
POST:authtoken=eyJleHAiOjg2NDAwLCJnZW4iOiIxNTAwNDM5OTcwIn0.eyJ1c2VyX2lkIjoiNiIsInVzZXJuYW1lIjoiNjQ4MTI1NjUzQHFxLmNvbSIsInZlcnNpb24iOiIwMS4wMC4wMCJ9.NDY0ZDZkMWJiNTJjNzhlNTVmZmY1ZmU2OTRlOGE0ODk&battle_type=event&event_id=10101&explore_id=101&map_id=1&sign=e18fa1a648d48be33dddfd1f6ec40319&team_id=3
CODE : B00001
Error :  in E:\htdocs\yl_server\branch\core\Common.php on line 70 
Backtrace[0]: (function) throw_exception : E:\htdocs\yl_server\branch\model\Battle.php on line 36 
Backtrace[1]: (function) _add_battle_process : E:\htdocs\yl_server\branch\core\Model.php on line 79 
Backtrace[2]: (function) __call : E:\htdocs\yl_server\branch\controller\Battle.php on line 37 
Backtrace[3]: (function) actionBattleBegin : E:\htdocs\yl_server\branch\index.php on line 76 
====================================================================================================
2017-07-19 12:53:01 933227
URL:/index.php/2144/Battle/BattleBegin
POST:authtoken=eyJleHAiOjg2NDAwLCJnZW4iOiIxNTAwNDM5OTgxIn0.eyJ1c2VyX2lkIjoiNiIsInVzZXJuYW1lIjoiNjQ4MTI1NjUzQHFxLmNvbSIsInZlcnNpb24iOiIwMS4wMC4wMCJ9.ZjFhYzk2ZGM4NjZmYjA2MThkOTE2YzhmMTlmMGM0Yjc&battle_type=event&event_id=10101&explore_id=101&map_id=1&sign=1c2a87ed5588b4c8291ed9c584f5fc81&team_id=3
CODE : B00001
Error :  in E:\htdocs\yl_server\branch\core\Common.php on line 70 
Backtrace[0]: (function) throw_exception : E:\htdocs\yl_server\branch\model\Battle.php on line 36 
Backtrace[1]: (function) _add_battle_process : E:\htdocs\yl_server\branch\core\Model.php on line 79 
Backtrace[2]: (function) __call : E:\htdocs\yl_server\branch\controller\Battle.php on line 37 
Backtrace[3]: (function) actionBattleBegin : E:\htdocs\yl_server\branch\index.php on line 76 
====================================================================================================
2017-07-19 12:53:02 635449
URL:/index.php/2144/Battle/BattleBegin
POST:authtoken=eyJleHAiOjg2NDAwLCJnZW4iOiIxNTAwNDM5OTgyIn0.eyJ1c2VyX2lkIjoiNiIsInVzZXJuYW1lIjoiNjQ4MTI1NjUzQHFxLmNvbSIsInZlcnNpb24iOiIwMS4wMC4wMCJ9.YjhmOTFmMjZiNzAyZGIyM2EzNzVjYmNmNDM2YTNhMjM&battle_type=event&event_id=10101&explore_id=101&map_id=1&sign=67e31012d20c23e64dc5c2aab8d046ba&team_id=3
CODE : B00001
Error :  in E:\htdocs\yl_server\branch\core\Common.php on line 70 
Backtrace[0]: (function) throw_exception : E:\htdocs\yl_server\branch\model\Battle.php on line 36 
Backtrace[1]: (function) _add_battle_process : E:\htdocs\yl_server\branch\core\Model.php on line 79 
Backtrace[2]: (function) __call : E:\htdocs\yl_server\branch\controller\Battle.php on line 37 
Backtrace[3]: (function) actionBattleBegin : E:\htdocs\yl_server\branch\index.php on line 76 
====================================================================================================
2017-07-19 12:53:03 329866
URL:/index.php/2144/Battle/BattleBegin
POST:authtoken=eyJleHAiOjg2NDAwLCJnZW4iOiIxNTAwNDM5OTgzIn0.eyJ1c2VyX2lkIjoiNiIsInVzZXJuYW1lIjoiNjQ4MTI1NjUzQHFxLmNvbSIsInZlcnNpb24iOiIwMS4wMC4wMCJ9.OGI2YmJkMzQ2ZmQzNjYwOTI0YjgwODY2ZmM1YmRhZTU&battle_type=event&event_id=10101&explore_id=101&map_id=1&sign=b93be8cd83245b57e99d62b94c814aae&team_id=3
CODE : B00001
Error :  in E:\htdocs\yl_server\branch\core\Common.php on line 70 
Backtrace[0]: (function) throw_exception : E:\htdocs\yl_server\branch\model\Battle.php on line 36 
Backtrace[1]: (function) _add_battle_process : E:\htdocs\yl_server\branch\core\Model.php on line 79 
Backtrace[2]: (function) __call : E:\htdocs\yl_server\branch\controller\Battle.php on line 37 
Backtrace[3]: (function) actionBattleBegin : E:\htdocs\yl_server\branch\index.php on line 76 
====================================================================================================
2017-07-19 12:53:03 939102
URL:/index.php/2144/Battle/BattleBegin
POST:authtoken=eyJleHAiOjg2NDAwLCJnZW4iOiIxNTAwNDM5OTgzIn0.eyJ1c2VyX2lkIjoiNiIsInVzZXJuYW1lIjoiNjQ4MTI1NjUzQHFxLmNvbSIsInZlcnNpb24iOiIwMS4wMC4wMCJ9.OGI2YmJkMzQ2ZmQzNjYwOTI0YjgwODY2ZmM1YmRhZTU&battle_type=event&event_id=10101&explore_id=101&map_id=1&sign=b93be8cd83245b57e99d62b94c814aae&team_id=3
CODE : B00001
Error :  in E:\htdocs\yl_server\branch\core\Common.php on line 70 
Backtrace[0]: (function) throw_exception : E:\htdocs\yl_server\branch\model\Battle.php on line 36 
Backtrace[1]: (function) _add_battle_process : E:\htdocs\yl_server\branch\core\Model.php on line 79 
Backtrace[2]: (function) __call : E:\htdocs\yl_server\branch\controller\Battle.php on line 37 
Backtrace[3]: (function) actionBattleBegin : E:\htdocs\yl_server\branch\index.php on line 76 
====================================================================================================
2017-07-19 12:53:04 636291
URL:/index.php/2144/Battle/BattleBegin
POST:authtoken=eyJleHAiOjg2NDAwLCJnZW4iOiIxNTAwNDM5OTg0In0.eyJ1c2VyX2lkIjoiNiIsInVzZXJuYW1lIjoiNjQ4MTI1NjUzQHFxLmNvbSIsInZlcnNpb24iOiIwMS4wMC4wMCJ9.N2Q3OWNlMDAxMDlkYTJlNzc1MjViYzI3NzgwYTQxNjM&battle_type=event&event_id=10101&explore_id=101&map_id=1&sign=d7ddc32d9e6a53a31ea4ae47ae05f604&team_id=3
CODE : B00001
Error :  in E:\htdocs\yl_server\branch\core\Common.php on line 70 
Backtrace[0]: (function) throw_exception : E:\htdocs\yl_server\branch\model\Battle.php on line 36 
Backtrace[1]: (function) _add_battle_process : E:\htdocs\yl_server\branch\core\Model.php on line 79 
Backtrace[2]: (function) __call : E:\htdocs\yl_server\branch\controller\Battle.php on line 37 
Backtrace[3]: (function) actionBattleBegin : E:\htdocs\yl_server\branch\index.php on line 76 
====================================================================================================
2017-07-19 12:53:05 248945
URL:/index.php/2144/Battle/BattleBegin
POST:authtoken=eyJleHAiOjg2NDAwLCJnZW4iOiIxNTAwNDM5OTg1In0.eyJ1c2VyX2lkIjoiNiIsInVzZXJuYW1lIjoiNjQ4MTI1NjUzQHFxLmNvbSIsInZlcnNpb24iOiIwMS4wMC4wMCJ9.NTEzZWM2YjVlOWZlMzUyMjg5NmE2YzcyODI5MjYwODQ&battle_type=event&event_id=10101&explore_id=101&map_id=1&sign=34f5bcd19c5e03db851398ff23864838&team_id=3
CODE : B00001
Error :  in E:\htdocs\yl_server\branch\core\Common.php on line 70 
Backtrace[0]: (function) throw_exception : E:\htdocs\yl_server\branch\model\Battle.php on line 36 
Backtrace[1]: (function) _add_battle_process : E:\htdocs\yl_server\branch\core\Model.php on line 79 
Backtrace[2]: (function) __call : E:\htdocs\yl_server\branch\controller\Battle.php on line 37 
Backtrace[3]: (function) actionBattleBegin : E:\htdocs\yl_server\branch\index.php on line 76 
====================================================================================================
2017-07-19 12:53:08 245869
URL:/index.php/2144/Battle/BattleBegin
POST:authtoken=eyJleHAiOjg2NDAwLCJnZW4iOiIxNTAwNDM5OTg4In0.eyJ1c2VyX2lkIjoiNiIsInVzZXJuYW1lIjoiNjQ4MTI1NjUzQHFxLmNvbSIsInZlcnNpb24iOiIwMS4wMC4wMCJ9.ZDJmODY4NGU3MDhjOGRkZjdlNGNmNDZlZjFiZjk0NTk&battle_type=event&event_id=10101&explore_id=101&map_id=1&sign=f8daf85dd599addd6da2e279d0db9000&team_id=3
CODE : B00001
Error :  in E:\htdocs\yl_server\branch\core\Common.php on line 70 
Backtrace[0]: (function) throw_exception : E:\htdocs\yl_server\branch\model\Battle.php on line 36 
Backtrace[1]: (function) _add_battle_process : E:\htdocs\yl_server\branch\core\Model.php on line 79 
Backtrace[2]: (function) __call : E:\htdocs\yl_server\branch\controller\Battle.php on line 37 
Backtrace[3]: (function) actionBattleBegin : E:\htdocs\yl_server\branch\index.php on line 76 
====================================================================================================
2017-07-19 12:53:09 260922
URL:/index.php/2144/Battle/BattleBegin
POST:authtoken=eyJleHAiOjg2NDAwLCJnZW4iOiIxNTAwNDM5OTg5In0.eyJ1c2VyX2lkIjoiNiIsInVzZXJuYW1lIjoiNjQ4MTI1NjUzQHFxLmNvbSIsInZlcnNpb24iOiIwMS4wMC4wMCJ9.NTE2Mzc1ZGFjNzY4YTcxYjdlNGYzODFhNWYwODViZmQ&battle_type=event&event_id=10101&explore_id=101&map_id=1&sign=9b67f1c3cf95690315bc5e61ec72d684&team_id=3
CODE : B00001
Error :  in E:\htdocs\yl_server\branch\core\Common.php on line 70 
Backtrace[0]: (function) throw_exception : E:\htdocs\yl_server\branch\model\Battle.php on line 36 
Backtrace[1]: (function) _add_battle_process : E:\htdocs\yl_server\branch\core\Model.php on line 79 
Backtrace[2]: (function) __call : E:\htdocs\yl_server\branch\controller\Battle.php on line 37 
Backtrace[3]: (function) actionBattleBegin : E:\htdocs\yl_server\branch\index.php on line 76 
====================================================================================================
2017-07-19 12:53:09 991587
URL:/index.php/2144/Battle/BattleBegin
POST:authtoken=eyJleHAiOjg2NDAwLCJnZW4iOiIxNTAwNDM5OTg5In0.eyJ1c2VyX2lkIjoiNiIsInVzZXJuYW1lIjoiNjQ4MTI1NjUzQHFxLmNvbSIsInZlcnNpb24iOiIwMS4wMC4wMCJ9.NTE2Mzc1ZGFjNzY4YTcxYjdlNGYzODFhNWYwODViZmQ&battle_type=event&event_id=10101&explore_id=101&map_id=1&sign=9b67f1c3cf95690315bc5e61ec72d684&team_id=3
CODE : B00001
Error :  in E:\htdocs\yl_server\branch\core\Common.php on line 70 
Backtrace[0]: (function) throw_exception : E:\htdocs\yl_server\branch\model\Battle.php on line 36 
Backtrace[1]: (function) _add_battle_process : E:\htdocs\yl_server\branch\core\Model.php on line 79 
Backtrace[2]: (function) __call : E:\htdocs\yl_server\branch\controller\Battle.php on line 37 
Backtrace[3]: (function) actionBattleBegin : E:\htdocs\yl_server\branch\index.php on line 76 
====================================================================================================
2017-07-19 12:53:10 668296
URL:/index.php/2144/Battle/BattleBegin
POST:authtoken=eyJleHAiOjg2NDAwLCJnZW4iOiIxNTAwNDM5OTkwIn0.eyJ1c2VyX2lkIjoiNiIsInVzZXJuYW1lIjoiNjQ4MTI1NjUzQHFxLmNvbSIsInZlcnNpb24iOiIwMS4wMC4wMCJ9.YmNjNzk2ZTc5YTA0MGVkMzNhYjE5Y2MzZjQ2N2E1MTU&battle_type=event&event_id=10101&explore_id=101&map_id=1&sign=860f2bbf04c8c0b9920a11546be300a6&team_id=3
CODE : B00001
Error :  in E:\htdocs\yl_server\branch\core\Common.php on line 70 
Backtrace[0]: (function) throw_exception : E:\htdocs\yl_server\branch\model\Battle.php on line 36 
Backtrace[1]: (function) _add_battle_process : E:\htdocs\yl_server\branch\core\Model.php on line 79 
Backtrace[2]: (function) __call : E:\htdocs\yl_server\branch\controller\Battle.php on line 37 
Backtrace[3]: (function) actionBattleBegin : E:\htdocs\yl_server\branch\index.php on line 76 
====================================================================================================
2017-07-19 12:53:11 338591
URL:/index.php/2144/Battle/BattleBegin
POST:authtoken=eyJleHAiOjg2NDAwLCJnZW4iOiIxNTAwNDM5OTkxIn0.eyJ1c2VyX2lkIjoiNiIsInVzZXJuYW1lIjoiNjQ4MTI1NjUzQHFxLmNvbSIsInZlcnNpb24iOiIwMS4wMC4wMCJ9.NTY1YzZlNDk2YmZiODViMTQ5ZWNlOTg1ZDNiMjc1MDU&battle_type=event&event_id=10101&explore_id=101&map_id=1&sign=cf9e1f3c0f600f547f39d633809460d2&team_id=3
CODE : B00001
Error :  in E:\htdocs\yl_server\branch\core\Common.php on line 70 
Backtrace[0]: (function) throw_exception : E:\htdocs\yl_server\branch\model\Battle.php on line 36 
Backtrace[1]: (function) _add_battle_process : E:\htdocs\yl_server\branch\core\Model.php on line 79 
Backtrace[2]: (function) __call : E:\htdocs\yl_server\branch\controller\Battle.php on line 37 
Backtrace[3]: (function) actionBattleBegin : E:\htdocs\yl_server\branch\index.php on line 76 
====================================================================================================
2017-07-19 12:53:12 166357
URL:/index.php/2144/Battle/BattleBegin
POST:authtoken=eyJleHAiOjg2NDAwLCJnZW4iOiIxNTAwNDM5OTkyIn0.eyJ1c2VyX2lkIjoiNiIsInVzZXJuYW1lIjoiNjQ4MTI1NjUzQHFxLmNvbSIsInZlcnNpb24iOiIwMS4wMC4wMCJ9.MzNmN2ViMzI2MzVkMjc1MzRiYzdlYmFhZGE3YjMwMGE&battle_type=event&event_id=10101&explore_id=101&map_id=1&sign=ad950c1d6c40a7bde9b8bdadc124e656&team_id=3
CODE : B00001
Error :  in E:\htdocs\yl_server\branch\core\Common.php on line 70 
Backtrace[0]: (function) throw_exception : E:\htdocs\yl_server\branch\model\Battle.php on line 36 
Backtrace[1]: (function) _add_battle_process : E:\htdocs\yl_server\branch\core\Model.php on line 79 
Backtrace[2]: (function) __call : E:\htdocs\yl_server\branch\controller\Battle.php on line 37 
Backtrace[3]: (function) actionBattleBegin : E:\htdocs\yl_server\branch\index.php on line 76 
