====================================================================================================
2017-07-19 14:38:38 489625
URL:/index.php/2144/Battle/BattleBegin
POST:authtoken=eyJleHAiOjg2NDAwLCJnZW4iOiIxNTAwNDQ2MzE4In0.eyJ1c2VyX2lkIjoiNiIsInVzZXJuYW1lIjoiNjQ4MTI1NjUzQHFxLmNvbSIsInZlcnNpb24iOiIwMS4wMC4wMCJ9.MjlmN2RjZWE4YzBiYjUwYjE1NzVlYmNkOTQ4NjczN2I&battle_type=event&event_id=10101&explore_id=101&map_id=1&sign=d5be55b8a2e434e63718fc52ffed9081&team_id=3
CODE : B00001
Error :  in E:\htdocs\yl_server\branch\core\Common.php on line 70 
Backtrace[0]: (function) throw_exception : E:\htdocs\yl_server\branch\model\Battle.php on line 36 
Backtrace[1]: (function) _add_battle_process : E:\htdocs\yl_server\branch\core\Model.php on line 79 
Backtrace[2]: (function) __call : E:\htdocs\yl_server\branch\controller\Battle.php on line 23 
Backtrace[3]: (function) actionBattleBegin : E:\htdocs\yl_server\branch\index.php on line 76 
====================================================================================================
2017-07-19 14:38:40 135659
URL:/index.php/2144/Battle/BattleBegin
POST:authtoken=eyJleHAiOjg2NDAwLCJnZW4iOiIxNTAwNDQ2MzIwIn0.eyJ1c2VyX2lkIjoiNiIsInVzZXJuYW1lIjoiNjQ4MTI1NjUzQHFxLmNvbSIsInZlcnNpb24iOiIwMS4wMC4wMCJ9.NWU3MWE0ODgxNDA3MGE5M2I2YzYwNmEzNTBlYjJmZjg&battle_type=event&event_id=10101&explore_id=101&map_id=1&sign=4bb1f0719694a721e427f1390594d4c6&team_id=3
CODE : B00001
Error :  in E:\htdocs\yl_server\branch\core\Common.php on line 70 
Backtrace[0]: (function) throw_exception : E:\htdocs\yl_server\branch\model\Battle.php on line 36 
Backtrace[1]: (function) _add_battle_process : E:\htdocs\yl_server\branch\core\Model.php on line 79 
Backtrace[2]: (function) __call : E:\htdocs\yl_server\branch\controller\Battle.php on line 23 
Backtrace[3]: (function) actionBattleBegin : E:\htdocs\yl_server\branch\index.php on line 76 
