====================================================================================================
2017-07-21 14:11:36 679804
URL:/index.php/2144/Async/GameLog
POST:sign=f7d6cdde34559784146a49d4cb1ee9a2
CODE : B00013
User Error : Bad Request. in E:\htdocs\yl_server\branch\core\Response.php on line 89 
Backtrace[0]: (function) show_error_code : E:\htdocs\yl_server\branch\core\Base.php on line 126 
Backtrace[1]: (function) check_request : E:\htdocs\yl_server\branch\core\Base.php on line 76 
Backtrace[2]: (function) __construct : E:\htdocs\yl_server\branch\controller\Async.php on line 11 
Backtrace[3]: (function) __construct : E:\htdocs\yl_server\branch\index.php on line 76 
====================================================================================================
2017-07-21 14:13:35 602516
URL:/index.php/2144/Async/GameLog
POST:sign=f7d6cdde34559784146a49d4cb1ee9a2
CODE : B00012
User Error : Signature Error. in E:\htdocs\yl_server\branch\core\Response.php on line 89 
Backtrace[0]: (function) show_error_code : E:\htdocs\yl_server\branch\controller\Async.php on line 19 
Backtrace[1]: (function) __construct : E:\htdocs\yl_server\branch\index.php on line 76 
====================================================================================================
2017-07-21 14:14:12 201389
URL:/index.php/2144/Async/GameLog
POST:a=111&sign=06842bd4882e8019b68cd6d49c0155e6
CODE : B00001
Error : 1111 in E:\htdocs\yl_server\branch\core\Common.php on line 70 
Backtrace[0]: (function) throw_exception : E:\htdocs\yl_server\branch\controller\Async.php on line 29 
Backtrace[1]: (function) actionGameLog : E:\htdocs\yl_server\branch\index.php on line 76 
====================================================================================================
2017-07-21 14:41:02 74347
URL:/index.php/2144/Async/GameLog
POST:createtime=1500619262&num=6&obj_id=soul&sign=5c1a44f0385c1fd909608cc989604023&type=item&user_id=6&way=store_buy&way_string=商城购买
CODE : B00001
Warning : mysqli::real_connect(): (42000/1049): Unknown database 'yl_develop_log' in E:\htdocs\yl_server\branch\core\DB.php on line 154 
Backtrace[1]: (function) real_connect : E:\htdocs\yl_server\branch\core\DB.php on line 154 
Backtrace[2]: (function) db_connect : E:\htdocs\yl_server\branch\core\Base.php on line 252 
Backtrace[3]: (function) load_database : E:\htdocs\yl_server\branch\controller\Async.php on line 35 
Backtrace[4]: (function) actionGameLog : E:\htdocs\yl_server\branch\index.php on line 76 
====================================================================================================
2017-07-21 14:42:37 558618
URL:/index.php/2144/Async/GameLog
POST:createtime=1500619357&num=6&obj_id=soul&sign=589457510573141c371db5710f119eff&type=item&user_id=6&way=store_buy&way_string=商城购买
CODE : B00006
SUB INFO :  INSERT  INTO `user_game_log` (`user_id`, `obj_id`, `num`, `type`, `way`, `way_string`, `createtime`) VALUES ('6', 'soul', '6', 'item', 'store_buy', '商城购买', '1500619357')
Mysql Error : Table 'yl_develop_log.user_game_log' doesn't exist  in E:\htdocs\yl_server\branch\core\DB.php on line 810 
Backtrace[0]: (function) get_error : E:\htdocs\yl_server\branch\core\DB.php on line 337 
Backtrace[1]: (function) query : E:\htdocs\yl_server\branch\core\DB.php on line 318 
Backtrace[2]: (function) insert : E:\htdocs\yl_server\branch\controller\Async.php on line 49 
Backtrace[3]: (function) actionGameLog : E:\htdocs\yl_server\branch\index.php on line 76 
====================================================================================================
2017-07-21 14:43:18 736
URL:/index.php/2144/Async/GameLog
POST:createtime=1500619397&num=6&obj_id=soul&sign=a5ef529b89e492d31fa338c85249d4eb&type=item&user_id=6&way=store_buy&way_string=商城购买
CODE : B00006
SUB INFO :  INSERT  INTO `user_game_log_2017` (`user_id`, `obj_id`, `num`, `type`, `way`, `way_string`, `createtime`) VALUES ('6', 'soul', '6', 'item', 'store_buy', '商城购买', '1500619397')
Mysql Error : Field 'id' doesn't have a default value  in E:\htdocs\yl_server\branch\core\DB.php on line 810 
Backtrace[0]: (function) get_error : E:\htdocs\yl_server\branch\core\DB.php on line 337 
Backtrace[1]: (function) query : E:\htdocs\yl_server\branch\core\DB.php on line 318 
Backtrace[2]: (function) insert : E:\htdocs\yl_server\branch\controller\Async.php on line 49 
Backtrace[3]: (function) actionGameLog : E:\htdocs\yl_server\branch\index.php on line 76 
====================================================================================================
2017-07-21 14:43:39 36886
URL:/index.php/2144/Async/GameLog
POST:createtime=1500619419&num=6&obj_id=soul&sign=1cafb1dc8ffd0f8577c4d32c7b0a0abd&type=item&user_id=6&way=store_buy&way_string=商城购买
CODE : B00006
SUB INFO :  INSERT  INTO `user_game_log_2017` (`user_id`, `obj_id`, `num`, `type`, `way`, `way_string`, `createtime`) VALUES ('6', 'soul', '6', 'item', 'store_buy', '商城购买', '1500619419')
Mysql Error : Incorrect integer value: 'soul' for column 'obj_id' at row 1  in E:\htdocs\yl_server\branch\core\DB.php on line 810 
Backtrace[0]: (function) get_error : E:\htdocs\yl_server\branch\core\DB.php on line 337 
Backtrace[1]: (function) query : E:\htdocs\yl_server\branch\core\DB.php on line 318 
Backtrace[2]: (function) insert : E:\htdocs\yl_server\branch\controller\Async.php on line 49 
Backtrace[3]: (function) actionGameLog : E:\htdocs\yl_server\branch\index.php on line 76 
