====================================================================================================
2017-06-23 11:01:06 846761
URL:/red/
POST:
CODE : B00004
User Error : Request Uri Is Not valid. in /Users/redback/Documents/MAMP PRO/red/core/Response.php on line 65 
Backtrace[0]: (function) send_error_code : /Users/redback/Documents/MAMP PRO/red/core/Router.php on line 39 
Backtrace[1]: (function) parse_request_url : /Users/redback/Documents/MAMP PRO/red/core/Router.php on line 78 
Backtrace[2]: (function) get_parse_url : /Users/redback/Documents/MAMP PRO/red/index.php on line 30 
====================================================================================================
2017-06-23 11:01:18 294178
URL:/red/index.php/aaa/bbb/?a=1&rrr=3?sss=444
POST:
CODE : B00004
User Error : Request Uri Is Not valid. in /Users/redback/Documents/MAMP PRO/red/core/Response.php on line 65 
Backtrace[0]: (function) send_error_code : /Users/redback/Documents/MAMP PRO/red/core/Router.php on line 39 
Backtrace[1]: (function) parse_request_url : /Users/redback/Documents/MAMP PRO/red/core/Router.php on line 78 
Backtrace[2]: (function) get_parse_url : /Users/redback/Documents/MAMP PRO/red/index.php on line 30 
====================================================================================================
2017-06-23 11:51:14 79961
URL:/red/index.php/aaa/Test/index?a=1&rrr=3?sss=444
POST:
CODE : B00001
Warning : Missing argument 1 for load_class(), called in /Users/redback/Documents/MAMP PRO/red/core/Base.php on line 10 and defined in /Users/redback/Documents/MAMP PRO/red/core/Common.php on line 5 
Backtrace[0]: (function) error_handler : /Users/redback/Documents/MAMP PRO/red/core/Common.php on line 5 
Backtrace[1]: (function) load_class : /Users/redback/Documents/MAMP PRO/red/core/Base.php on line 10 
Backtrace[2]: (function) __construct : /Users/redback/Documents/MAMP PRO/red/index.php on line 55 
CODE : B00001
Notice : Undefined variable: class in /Users/redback/Documents/MAMP PRO/red/core/Common.php on line 9 
Backtrace[0]: (function) error_handler : /Users/redback/Documents/MAMP PRO/red/core/Common.php on line 9 
Backtrace[1]: (function) load_class : /Users/redback/Documents/MAMP PRO/red/core/Base.php on line 10 
Backtrace[2]: (function) __construct : /Users/redback/Documents/MAMP PRO/red/index.php on line 55 
CODE : B00001
Notice : Undefined variable: class in /Users/redback/Documents/MAMP PRO/red/core/Common.php on line 16 
Backtrace[0]: (function) error_handler : /Users/redback/Documents/MAMP PRO/red/core/Common.php on line 16 
Backtrace[1]: (function) load_class : /Users/redback/Documents/MAMP PRO/red/core/Base.php on line 10 
Backtrace[2]: (function) __construct : /Users/redback/Documents/MAMP PRO/red/index.php on line 55 
CODE : B00001
Notice : Undefined variable: class in /Users/redback/Documents/MAMP PRO/red/core/Common.php on line 27 
Backtrace[0]: (function) error_handler : /Users/redback/Documents/MAMP PRO/red/core/Common.php on line 27 
Backtrace[1]: (function) load_class : /Users/redback/Documents/MAMP PRO/red/core/Base.php on line 10 
Backtrace[2]: (function) __construct : /Users/redback/Documents/MAMP PRO/red/index.php on line 55 
====================================================================================================
2017-06-23 11:51:33 168055
URL:/red/index.php/aaa/Test/index?a=1&rrr=3?sss=444
POST:
CODE : B00001
Warning : Missing argument 1 for load_class(), called in /Users/redback/Documents/MAMP PRO/red/core/Base.php on line 10 and defined in /Users/redback/Documents/MAMP PRO/red/core/Common.php on line 5 
Backtrace[0]: (function) error_handler : /Users/redback/Documents/MAMP PRO/red/core/Common.php on line 5 
Backtrace[1]: (function) load_class : /Users/redback/Documents/MAMP PRO/red/core/Base.php on line 10 
Backtrace[2]: (function) __construct : /Users/redback/Documents/MAMP PRO/red/index.php on line 55 
CODE : B00001
Notice : Undefined variable: class in /Users/redback/Documents/MAMP PRO/red/core/Common.php on line 9 
Backtrace[0]: (function) error_handler : /Users/redback/Documents/MAMP PRO/red/core/Common.php on line 9 
Backtrace[1]: (function) load_class : /Users/redback/Documents/MAMP PRO/red/core/Base.php on line 10 
Backtrace[2]: (function) __construct : /Users/redback/Documents/MAMP PRO/red/index.php on line 55 
CODE : B00001
Notice : Undefined variable: class in /Users/redback/Documents/MAMP PRO/red/core/Common.php on line 16 
Backtrace[0]: (function) error_handler : /Users/redback/Documents/MAMP PRO/red/core/Common.php on line 16 
Backtrace[1]: (function) load_class : /Users/redback/Documents/MAMP PRO/red/core/Base.php on line 10 
Backtrace[2]: (function) __construct : /Users/redback/Documents/MAMP PRO/red/index.php on line 55 
CODE : B00001
Notice : Undefined variable: class in /Users/redback/Documents/MAMP PRO/red/core/Common.php on line 27 
Backtrace[0]: (function) error_handler : /Users/redback/Documents/MAMP PRO/red/core/Common.php on line 27 
Backtrace[1]: (function) load_class : /Users/redback/Documents/MAMP PRO/red/core/Base.php on line 10 
Backtrace[2]: (function) __construct : /Users/redback/Documents/MAMP PRO/red/index.php on line 55 
====================================================================================================
2017-06-23 11:52:22 380983
URL:/red/index.php/aaa/Test/index?a=1&rrr=3?sss=444
POST:
CODE : B00001
Warning : Missing argument 1 for load_class(), called in /Users/redback/Documents/MAMP PRO/red/core/Base.php on line 10 and defined in /Users/redback/Documents/MAMP PRO/red/core/Common.php on line 5 
Backtrace[0]: (function) error_handler : /Users/redback/Documents/MAMP PRO/red/core/Common.php on line 5 
Backtrace[1]: (function) load_class : /Users/redback/Documents/MAMP PRO/red/core/Base.php on line 10 
Backtrace[2]: (function) __construct : /Users/redback/Documents/MAMP PRO/red/index.php on line 55 
CODE : B00001
Notice : Undefined variable: class in /Users/redback/Documents/MAMP PRO/red/core/Common.php on line 9 
Backtrace[0]: (function) error_handler : /Users/redback/Documents/MAMP PRO/red/core/Common.php on line 9 
Backtrace[1]: (function) load_class : /Users/redback/Documents/MAMP PRO/red/core/Base.php on line 10 
Backtrace[2]: (function) __construct : /Users/redback/Documents/MAMP PRO/red/index.php on line 55 
CODE : B00001
Notice : Undefined variable: class in /Users/redback/Documents/MAMP PRO/red/core/Common.php on line 16 
Backtrace[0]: (function) error_handler : /Users/redback/Documents/MAMP PRO/red/core/Common.php on line 16 
Backtrace[1]: (function) load_class : /Users/redback/Documents/MAMP PRO/red/core/Base.php on line 10 
Backtrace[2]: (function) __construct : /Users/redback/Documents/MAMP PRO/red/index.php on line 55 
CODE : B00001
Notice : Undefined variable: class in /Users/redback/Documents/MAMP PRO/red/core/Common.php on line 27 
Backtrace[0]: (function) error_handler : /Users/redback/Documents/MAMP PRO/red/core/Common.php on line 27 
Backtrace[1]: (function) load_class : /Users/redback/Documents/MAMP PRO/red/core/Base.php on line 10 
Backtrace[2]: (function) __construct : /Users/redback/Documents/MAMP PRO/red/index.php on line 55 
====================================================================================================
2017-06-23 11:53:11 155379
URL:/red/index.php/aaa/Test/index?a=1&rrr=3?sss=444
POST:
CODE : B00001
Warning : Missing argument 1 for load_class(), called in /Users/redback/Documents/MAMP PRO/red/core/Base.php on line 10 and defined in /Users/redback/Documents/MAMP PRO/red/core/Common.php on line 5 
Backtrace[0]: (function) error_handler : /Users/redback/Documents/MAMP PRO/red/core/Common.php on line 5 
Backtrace[1]: (function) load_class : /Users/redback/Documents/MAMP PRO/red/core/Base.php on line 10 
Backtrace[2]: (function) __construct : /Users/redback/Documents/MAMP PRO/red/index.php on line 55 
====================================================================================================
2017-06-23 11:54:47 987739
URL:/red/index.php/aaa/Test/index?a=1&rrr=3?sss=444
POST:
CODE : B00001
Warning : Missing argument 1 for load_class(), called in /Users/redback/Documents/MAMP PRO/red/core/Base.php on line 10 and defined in /Users/redback/Documents/MAMP PRO/red/core/Common.php on line 5 
Backtrace[0]: (function) error_handler : /Users/redback/Documents/MAMP PRO/red/core/Common.php on line 5 
Backtrace[1]: (function) load_class : /Users/redback/Documents/MAMP PRO/red/core/Base.php on line 10 
Backtrace[2]: (function) __construct : /Users/redback/Documents/MAMP PRO/red/index.php on line 55 
