====================================================================================================
2017-07-06 11:00:53 161461
URL:/index.php/2144/Auth/ResetPassword
POST:password=987654321&new_password=987654321&authtoken=eyJleHAiOjg2NDAwLCJnZW4iOiIxNDk5MzA5ODExIn0.eyJ1c2VyX2lkIjoiNzciLCJ1c2VybmFtZSI6IjY0ODEyNTY1M0BxcS5jb20ifQ.NDRjYmNlOTgwZDliOTRiZjVmMGE2ZmZhODRhNWI4YWE5NzIyYzZhNTc3NDhkOGIyZjdkMzBjM2Y3NThjYjBiYg&sign=8e0fa5dea98f90d6b566ae18ba8b1ec18e9491ffa2e65e6562da922aa605e5d7
CODE : B00014
User Error : Too many requests for connections. in E:\htdocs\yl_server\branch\core\Response.php on line 91 
Backtrace[0]: (function) show_error_code : E:\htdocs\yl_server\branch\core\Base.php on line 116 
Backtrace[1]: (function) check_request : E:\htdocs\yl_server\branch\core\Base.php on line 75 
Backtrace[2]: (function) __construct : E:\htdocs\yl_server\branch\index.php on line 76 
====================================================================================================
2017-07-06 11:00:56 190523
URL:/index.php/2144/Auth/ResetPassword
POST:password=987654321&new_password=987654321&authtoken=eyJleHAiOjg2NDAwLCJnZW4iOiIxNDk5MzA5ODExIn0.eyJ1c2VyX2lkIjoiNzciLCJ1c2VybmFtZSI6IjY0ODEyNTY1M0BxcS5jb20ifQ.NDRjYmNlOTgwZDliOTRiZjVmMGE2ZmZhODRhNWI4YWE5NzIyYzZhNTc3NDhkOGIyZjdkMzBjM2Y3NThjYjBiYg&sign=8e0fa5dea98f90d6b566ae18ba8b1ec18e9491ffa2e65e6562da922aa605e5d7
CODE : B00014
User Error : Too many requests for connections. in E:\htdocs\yl_server\branch\core\Response.php on line 91 
Backtrace[0]: (function) show_error_code : E:\htdocs\yl_server\branch\core\Base.php on line 116 
Backtrace[1]: (function) check_request : E:\htdocs\yl_server\branch\core\Base.php on line 75 
Backtrace[2]: (function) __construct : E:\htdocs\yl_server\branch\index.php on line 76 
====================================================================================================
2017-07-06 11:00:57 977034
URL:/index.php/2144/Auth/ResetPassword
POST:password=987654321&new_password=987654321&authtoken=eyJleHAiOjg2NDAwLCJnZW4iOiIxNDk5MzA5ODExIn0.eyJ1c2VyX2lkIjoiNzciLCJ1c2VybmFtZSI6IjY0ODEyNTY1M0BxcS5jb20ifQ.NDRjYmNlOTgwZDliOTRiZjVmMGE2ZmZhODRhNWI4YWE5NzIyYzZhNTc3NDhkOGIyZjdkMzBjM2Y3NThjYjBiYg&sign=8e0fa5dea98f90d6b566ae18ba8b1ec18e9491ffa2e65e6562da922aa605e5d7
CODE : B00014
User Error : Too many requests for connections. in E:\htdocs\yl_server\branch\core\Response.php on line 91 
Backtrace[0]: (function) show_error_code : E:\htdocs\yl_server\branch\core\Base.php on line 116 
Backtrace[1]: (function) check_request : E:\htdocs\yl_server\branch\core\Base.php on line 75 
Backtrace[2]: (function) __construct : E:\htdocs\yl_server\branch\index.php on line 76 
====================================================================================================
2017-07-06 11:01:11 641938
URL:/index.php/2144/Auth/ResetPassword
POST:password=987654321&new_password=987654321&authtoken=eyJleHAiOjg2NDAwLCJnZW4iOiIxNDk5MzA5ODExIn0.eyJ1c2VyX2lkIjoiNzciLCJ1c2VybmFtZSI6IjY0ODEyNTY1M0BxcS5jb20ifQ.NDRjYmNlOTgwZDliOTRiZjVmMGE2ZmZhODRhNWI4YWE5NzIyYzZhNTc3NDhkOGIyZjdkMzBjM2Y3NThjYjBiYg&sign=8e0fa5dea98f90d6b566ae18ba8b1ec18e9491ffa2e65e6562da922aa605e5d7
CODE : B00014
User Error : Too many requests for connections. in E:\htdocs\yl_server\branch\core\Response.php on line 91 
Backtrace[0]: (function) show_error_code : E:\htdocs\yl_server\branch\core\Base.php on line 116 
Backtrace[1]: (function) check_request : E:\htdocs\yl_server\branch\core\Base.php on line 75 
Backtrace[2]: (function) __construct : E:\htdocs\yl_server\branch\index.php on line 76 
====================================================================================================
2017-07-06 11:03:25 97165
URL:/index.php/2144/Auth/ResetPassword
POST:password=987654321&new_password=987654321&authtoken=eyJleHAiOjg2NDAwLCJnZW4iOiIxNDk5MzA5ODExIn0.eyJ1c2VyX2lkIjoiNzciLCJ1c2VybmFtZSI6IjY0ODEyNTY1M0BxcS5jb20ifQ.NDRjYmNlOTgwZDliOTRiZjVmMGE2ZmZhODRhNWI4YWE5NzIyYzZhNTc3NDhkOGIyZjdkMzBjM2Y3NThjYjBiYg&sign=8e0fa5dea98f90d6b566ae18ba8b1ec18e9491ffa2e65e6562da922aa605e5d7
CODE : B00014
User Error : Too many requests for connections. in E:\htdocs\yl_server\branch\core\Response.php on line 91 
Backtrace[0]: (function) show_error_code : E:\htdocs\yl_server\branch\core\Base.php on line 116 
Backtrace[1]: (function) check_request : E:\htdocs\yl_server\branch\core\Base.php on line 75 
Backtrace[2]: (function) __construct : E:\htdocs\yl_server\branch\index.php on line 76 
====================================================================================================
2017-07-06 11:03:42 886523
URL:/index.php/2144/Auth/ResetPassword
POST:password=987654321&new_password=987654321&authtoken=eyJleHAiOjg2NDAwLCJnZW4iOiIxNDk5MzA5ODExIn0.eyJ1c2VyX2lkIjoiNzciLCJ1c2VybmFtZSI6IjY0ODEyNTY1M0BxcS5jb20ifQ.NDRjYmNlOTgwZDliOTRiZjVmMGE2ZmZhODRhNWI4YWE5NzIyYzZhNTc3NDhkOGIyZjdkMzBjM2Y3NThjYjBiYg&sign=8e0fa5dea98f90d6b566ae18ba8b1ec18e9491ffa2e65e6562da922aa605e5d7
CODE : B00014
User Error : Too many requests for connections. in E:\htdocs\yl_server\branch\core\Response.php on line 91 
Backtrace[0]: (function) show_error_code : E:\htdocs\yl_server\branch\core\Base.php on line 116 
Backtrace[1]: (function) check_request : E:\htdocs\yl_server\branch\core\Base.php on line 75 
Backtrace[2]: (function) __construct : E:\htdocs\yl_server\branch\index.php on line 76 
====================================================================================================
2017-07-06 11:04:08 321532
URL:/index.php/2144/Auth/ResetPassword
POST:password=987654321&new_password=987654321&authtoken=eyJleHAiOjg2NDAwLCJnZW4iOiIxNDk5MzA5ODExIn0.eyJ1c2VyX2lkIjoiNzciLCJ1c2VybmFtZSI6IjY0ODEyNTY1M0BxcS5jb20ifQ.NDRjYmNlOTgwZDliOTRiZjVmMGE2ZmZhODRhNWI4YWE5NzIyYzZhNTc3NDhkOGIyZjdkMzBjM2Y3NThjYjBiYg&sign=8e0fa5dea98f90d6b566ae18ba8b1ec18e9491ffa2e65e6562da922aa605e5d7
CODE : B00014
User Error : Too many requests for connections. in E:\htdocs\yl_server\branch\core\Response.php on line 91 
Backtrace[0]: (function) show_error_code : E:\htdocs\yl_server\branch\core\Base.php on line 116 
Backtrace[1]: (function) check_request : E:\htdocs\yl_server\branch\core\Base.php on line 75 
Backtrace[2]: (function) __construct : E:\htdocs\yl_server\branch\index.php on line 76 
====================================================================================================
2017-07-06 11:04:32 950515
URL:/index.php/2144/Auth/ResetPassword
POST:password=987654321&new_password=987654321&authtoken=eyJleHAiOjg2NDAwLCJnZW4iOiIxNDk5MzA5ODExIn0.eyJ1c2VyX2lkIjoiNzciLCJ1c2VybmFtZSI6IjY0ODEyNTY1M0BxcS5jb20ifQ.NDRjYmNlOTgwZDliOTRiZjVmMGE2ZmZhODRhNWI4YWE5NzIyYzZhNTc3NDhkOGIyZjdkMzBjM2Y3NThjYjBiYg&sign=8e0fa5dea98f90d6b566ae18ba8b1ec18e9491ffa2e65e6562da922aa605e5d7
CODE : B00014
User Error : Too many requests for connections. in E:\htdocs\yl_server\branch\core\Response.php on line 91 
Backtrace[0]: (function) show_error_code : E:\htdocs\yl_server\branch\core\Base.php on line 116 
Backtrace[1]: (function) check_request : E:\htdocs\yl_server\branch\core\Base.php on line 75 
Backtrace[2]: (function) __construct : E:\htdocs\yl_server\branch\index.php on line 76 
====================================================================================================
2017-07-06 11:04:39 488837
URL:/index.php/2144/Auth/ResetPassword
POST:password=987654321&new_password=987654321&authtoken=eyJleHAiOjg2NDAwLCJnZW4iOiIxNDk5MzA5ODExIn0.eyJ1c2VyX2lkIjoiNzciLCJ1c2VybmFtZSI6IjY0ODEyNTY1M0BxcS5jb20ifQ.NDRjYmNlOTgwZDliOTRiZjVmMGE2ZmZhODRhNWI4YWE5NzIyYzZhNTc3NDhkOGIyZjdkMzBjM2Y3NThjYjBiYg&sign=8e0fa5dea98f90d6b566ae18ba8b1ec18e9491ffa2e65e6562da922aa605e5d7
CODE : B00014
User Error : Too many requests for connections. in E:\htdocs\yl_server\branch\core\Response.php on line 91 
Backtrace[0]: (function) show_error_code : E:\htdocs\yl_server\branch\core\Base.php on line 116 
Backtrace[1]: (function) check_request : E:\htdocs\yl_server\branch\core\Base.php on line 75 
Backtrace[2]: (function) __construct : E:\htdocs\yl_server\branch\index.php on line 76 
====================================================================================================
2017-07-06 11:04:57 606141
URL:/index.php/2144/Auth/ResetPassword
POST:password=987654321&new_password=987654321&authtoken=eyJleHAiOjg2NDAwLCJnZW4iOiIxNDk5MzA5ODExIn0.eyJ1c2VyX2lkIjoiNzciLCJ1c2VybmFtZSI6IjY0ODEyNTY1M0BxcS5jb20ifQ.NDRjYmNlOTgwZDliOTRiZjVmMGE2ZmZhODRhNWI4YWE5NzIyYzZhNTc3NDhkOGIyZjdkMzBjM2Y3NThjYjBiYg&sign=8e0fa5dea98f90d6b566ae18ba8b1ec18e9491ffa2e65e6562da922aa605e5d7
CODE : B00014
User Error : Too many requests for connections. in E:\htdocs\yl_server\branch\core\Response.php on line 91 
Backtrace[0]: (function) show_error_code : E:\htdocs\yl_server\branch\core\Base.php on line 116 
Backtrace[1]: (function) check_request : E:\htdocs\yl_server\branch\core\Base.php on line 75 
Backtrace[2]: (function) __construct : E:\htdocs\yl_server\branch\index.php on line 76 
====================================================================================================
2017-07-06 11:05:03 654963
URL:/index.php/2144/Auth/ResetPassword
POST:password=987654321&new_password=987654321&authtoken=eyJleHAiOjg2NDAwLCJnZW4iOiIxNDk5MzA5ODExIn0.eyJ1c2VyX2lkIjoiNzciLCJ1c2VybmFtZSI6IjY0ODEyNTY1M0BxcS5jb20ifQ.NDRjYmNlOTgwZDliOTRiZjVmMGE2ZmZhODRhNWI4YWE5NzIyYzZhNTc3NDhkOGIyZjdkMzBjM2Y3NThjYjBiYg&sign=8e0fa5dea98f90d6b566ae18ba8b1ec18e9491ffa2e65e6562da922aa605e5d7
CODE : B00014
User Error : Too many requests for connections. in E:\htdocs\yl_server\branch\core\Response.php on line 91 
Backtrace[0]: (function) show_error_code : E:\htdocs\yl_server\branch\core\Base.php on line 116 
Backtrace[1]: (function) check_request : E:\htdocs\yl_server\branch\core\Base.php on line 75 
Backtrace[2]: (function) __construct : E:\htdocs\yl_server\branch\index.php on line 76 
====================================================================================================
2017-07-06 11:05:27 667426
URL:/index.php/2144/Auth/ResetPassword
POST:password=987654321&new_password=987654321&authtoken=eyJleHAiOjg2NDAwLCJnZW4iOiIxNDk5MzA5ODExIn0.eyJ1c2VyX2lkIjoiNzciLCJ1c2VybmFtZSI6IjY0ODEyNTY1M0BxcS5jb20ifQ.NDRjYmNlOTgwZDliOTRiZjVmMGE2ZmZhODRhNWI4YWE5NzIyYzZhNTc3NDhkOGIyZjdkMzBjM2Y3NThjYjBiYg&sign=8e0fa5dea98f90d6b566ae18ba8b1ec18e9491ffa2e65e6562da922aa605e5d7
CODE : B00014
User Error : Too many requests for connections. in E:\htdocs\yl_server\branch\core\Response.php on line 91 
Backtrace[0]: (function) show_error_code : E:\htdocs\yl_server\branch\core\Base.php on line 116 
Backtrace[1]: (function) check_request : E:\htdocs\yl_server\branch\core\Base.php on line 75 
Backtrace[2]: (function) __construct : E:\htdocs\yl_server\branch\index.php on line 76 
====================================================================================================
2017-07-06 11:05:47 760389
URL:/index.php/2144/Auth/ResetPassword
POST:password=987654321&new_password=987654321&authtoken=eyJleHAiOjg2NDAwLCJnZW4iOiIxNDk5MzA5ODExIn0.eyJ1c2VyX2lkIjoiNzciLCJ1c2VybmFtZSI6IjY0ODEyNTY1M0BxcS5jb20ifQ.NDRjYmNlOTgwZDliOTRiZjVmMGE2ZmZhODRhNWI4YWE5NzIyYzZhNTc3NDhkOGIyZjdkMzBjM2Y3NThjYjBiYg&sign=8e0fa5dea98f90d6b566ae18ba8b1ec18e9491ffa2e65e6562da922aa605e5d7
CODE : B00014
User Error : Too many requests for connections. in E:\htdocs\yl_server\branch\core\Response.php on line 91 
Backtrace[0]: (function) show_error_code : E:\htdocs\yl_server\branch\core\Base.php on line 116 
Backtrace[1]: (function) check_request : E:\htdocs\yl_server\branch\core\Base.php on line 75 
Backtrace[2]: (function) __construct : E:\htdocs\yl_server\branch\index.php on line 76 
====================================================================================================
2017-07-06 11:06:01 366684
URL:/index.php/2144/Auth/ResetPassword
POST:password=987654321&new_password=987654321&authtoken=eyJleHAiOjg2NDAwLCJnZW4iOiIxNDk5MzA5ODExIn0.eyJ1c2VyX2lkIjoiNzciLCJ1c2VybmFtZSI6IjY0ODEyNTY1M0BxcS5jb20ifQ.NDRjYmNlOTgwZDliOTRiZjVmMGE2ZmZhODRhNWI4YWE5NzIyYzZhNTc3NDhkOGIyZjdkMzBjM2Y3NThjYjBiYg&sign=8e0fa5dea98f90d6b566ae18ba8b1ec18e9491ffa2e65e6562da922aa605e5d7
CODE : B00014
User Error : Too many requests for connections. in E:\htdocs\yl_server\branch\core\Response.php on line 91 
Backtrace[0]: (function) show_error_code : E:\htdocs\yl_server\branch\core\Base.php on line 116 
Backtrace[1]: (function) check_request : E:\htdocs\yl_server\branch\core\Base.php on line 75 
Backtrace[2]: (function) __construct : E:\htdocs\yl_server\branch\index.php on line 76 
====================================================================================================
2017-07-06 11:06:09 495128
URL:/index.php/2144/Auth/ResetPassword
POST:password=987654321&new_password=987654321&authtoken=eyJleHAiOjg2NDAwLCJnZW4iOiIxNDk5MzA5ODExIn0.eyJ1c2VyX2lkIjoiNzciLCJ1c2VybmFtZSI6IjY0ODEyNTY1M0BxcS5jb20ifQ.NDRjYmNlOTgwZDliOTRiZjVmMGE2ZmZhODRhNWI4YWE5NzIyYzZhNTc3NDhkOGIyZjdkMzBjM2Y3NThjYjBiYg&sign=8e0fa5dea98f90d6b566ae18ba8b1ec18e9491ffa2e65e6562da922aa605e5d7
CODE : B00014
User Error : Too many requests for connections. in E:\htdocs\yl_server\branch\core\Response.php on line 91 
Backtrace[0]: (function) show_error_code : E:\htdocs\yl_server\branch\core\Base.php on line 116 
Backtrace[1]: (function) check_request : E:\htdocs\yl_server\branch\core\Base.php on line 75 
Backtrace[2]: (function) __construct : E:\htdocs\yl_server\branch\index.php on line 76 
====================================================================================================
2017-07-06 11:06:10 269999
URL:/index.php/2144/Auth/ResetPassword
POST:password=987654321&new_password=987654321&authtoken=eyJleHAiOjg2NDAwLCJnZW4iOiIxNDk5MzA5ODExIn0.eyJ1c2VyX2lkIjoiNzciLCJ1c2VybmFtZSI6IjY0ODEyNTY1M0BxcS5jb20ifQ.NDRjYmNlOTgwZDliOTRiZjVmMGE2ZmZhODRhNWI4YWE5NzIyYzZhNTc3NDhkOGIyZjdkMzBjM2Y3NThjYjBiYg&sign=8e0fa5dea98f90d6b566ae18ba8b1ec18e9491ffa2e65e6562da922aa605e5d7
CODE : B00014
User Error : Too many requests for connections. in E:\htdocs\yl_server\branch\core\Response.php on line 91 
Backtrace[0]: (function) show_error_code : E:\htdocs\yl_server\branch\core\Base.php on line 116 
Backtrace[1]: (function) check_request : E:\htdocs\yl_server\branch\core\Base.php on line 75 
Backtrace[2]: (function) __construct : E:\htdocs\yl_server\branch\index.php on line 76 
====================================================================================================
2017-07-06 11:06:22 68663
URL:/index.php/2144/Auth/ResetPassword
POST:password=987654321&new_password=987654321&authtoken=eyJleHAiOjg2NDAwLCJnZW4iOiIxNDk5MzA5ODExIn0.eyJ1c2VyX2lkIjoiNzciLCJ1c2VybmFtZSI6IjY0ODEyNTY1M0BxcS5jb20ifQ.NDRjYmNlOTgwZDliOTRiZjVmMGE2ZmZhODRhNWI4YWE5NzIyYzZhNTc3NDhkOGIyZjdkMzBjM2Y3NThjYjBiYg&sign=8e0fa5dea98f90d6b566ae18ba8b1ec18e9491ffa2e65e6562da922aa605e5d7
CODE : B00014
User Error : Too many requests for connections. in E:\htdocs\yl_server\branch\core\Response.php on line 91 
Backtrace[0]: (function) show_error_code : E:\htdocs\yl_server\branch\core\Base.php on line 116 
Backtrace[1]: (function) check_request : E:\htdocs\yl_server\branch\core\Base.php on line 75 
Backtrace[2]: (function) __construct : E:\htdocs\yl_server\branch\index.php on line 76 
====================================================================================================
2017-07-06 11:07:30 964303
URL:/index.php/2144/Auth/ResetPassword
POST:password=987654321&new_password=987654321&authtoken=eyJleHAiOjg2NDAwLCJnZW4iOiIxNDk5MzA5ODExIn0.eyJ1c2VyX2lkIjoiNzciLCJ1c2VybmFtZSI6IjY0ODEyNTY1M0BxcS5jb20ifQ.NDRjYmNlOTgwZDliOTRiZjVmMGE2ZmZhODRhNWI4YWE5NzIyYzZhNTc3NDhkOGIyZjdkMzBjM2Y3NThjYjBiYg&sign=8e0fa5dea98f90d6b566ae18ba8b1ec18e9491ffa2e65e6562da922aa605e5d7
CODE : B00014
User Error : Too many requests for connections. in E:\htdocs\yl_server\branch\core\Response.php on line 91 
Backtrace[0]: (function) show_error_code : E:\htdocs\yl_server\branch\core\Base.php on line 116 
Backtrace[1]: (function) check_request : E:\htdocs\yl_server\branch\core\Base.php on line 75 
Backtrace[2]: (function) __construct : E:\htdocs\yl_server\branch\index.php on line 76 
====================================================================================================
2017-07-06 11:09:12 970096
URL:/index.php/2144/Auth/ResetPassword
POST:password=987654321&new_password=987654321&authtoken=eyJleHAiOjg2NDAwLCJnZW4iOiIxNDk5MzA5ODExIn0.eyJ1c2VyX2lkIjoiNzciLCJ1c2VybmFtZSI6IjY0ODEyNTY1M0BxcS5jb20ifQ.NDRjYmNlOTgwZDliOTRiZjVmMGE2ZmZhODRhNWI4YWE5NzIyYzZhNTc3NDhkOGIyZjdkMzBjM2Y3NThjYjBiYg&sign=8e0fa5dea98f90d6b566ae18ba8b1ec18e9491ffa2e65e6562da922aa605e5d7
CODE : B00014
User Error : Too many requests for connections. in E:\htdocs\yl_server\branch\core\Response.php on line 91 
Backtrace[0]: (function) show_error_code : E:\htdocs\yl_server\branch\core\Base.php on line 116 
Backtrace[1]: (function) check_request : E:\htdocs\yl_server\branch\core\Base.php on line 75 
Backtrace[2]: (function) __construct : E:\htdocs\yl_server\branch\index.php on line 76 
====================================================================================================
2017-07-06 11:09:37 87972
URL:/index.php/2144/Auth/ResetPassword
POST:password=987654321&new_password=987654321&authtoken=eyJleHAiOjg2NDAwLCJnZW4iOiIxNDk5MzA5ODExIn0.eyJ1c2VyX2lkIjoiNzciLCJ1c2VybmFtZSI6IjY0ODEyNTY1M0BxcS5jb20ifQ.NDRjYmNlOTgwZDliOTRiZjVmMGE2ZmZhODRhNWI4YWE5NzIyYzZhNTc3NDhkOGIyZjdkMzBjM2Y3NThjYjBiYg&sign=8e0fa5dea98f90d6b566ae18ba8b1ec18e9491ffa2e65e6562da922aa605e5d7
CODE : B00014
User Error : Too many requests for connections. in E:\htdocs\yl_server\branch\core\Response.php on line 91 
Backtrace[0]: (function) show_error_code : E:\htdocs\yl_server\branch\core\Base.php on line 116 
Backtrace[1]: (function) check_request : E:\htdocs\yl_server\branch\core\Base.php on line 75 
Backtrace[2]: (function) __construct : E:\htdocs\yl_server\branch\index.php on line 76 
====================================================================================================
2017-07-06 11:09:38 631814
URL:/index.php/2144/Auth/ResetPassword
POST:password=987654321&new_password=987654321&authtoken=eyJleHAiOjg2NDAwLCJnZW4iOiIxNDk5MzA5ODExIn0.eyJ1c2VyX2lkIjoiNzciLCJ1c2VybmFtZSI6IjY0ODEyNTY1M0BxcS5jb20ifQ.NDRjYmNlOTgwZDliOTRiZjVmMGE2ZmZhODRhNWI4YWE5NzIyYzZhNTc3NDhkOGIyZjdkMzBjM2Y3NThjYjBiYg&sign=8e0fa5dea98f90d6b566ae18ba8b1ec18e9491ffa2e65e6562da922aa605e5d7
CODE : B00001
Error : Maximum execution time of 30 seconds exceeded in E:\htdocs\yl_server\branch\libraries\MemLock.php on line 68 
====================================================================================================
2017-07-06 11:09:38 620713
URL:/index.php/2144/Test/C
POST:
CODE : B00001
Error : Maximum execution time of 30 seconds exceeded in E:\htdocs\yl_server\branch\controller\Test.php on line 91 
====================================================================================================
2017-07-06 11:09:40 541997
URL:/index.php/2144/Auth/ResetPassword
POST:password=987654321&new_password=987654321&authtoken=eyJleHAiOjg2NDAwLCJnZW4iOiIxNDk5MzA5ODExIn0.eyJ1c2VyX2lkIjoiNzciLCJ1c2VybmFtZSI6IjY0ODEyNTY1M0BxcS5jb20ifQ.NDRjYmNlOTgwZDliOTRiZjVmMGE2ZmZhODRhNWI4YWE5NzIyYzZhNTc3NDhkOGIyZjdkMzBjM2Y3NThjYjBiYg&sign=8e0fa5dea98f90d6b566ae18ba8b1ec18e9491ffa2e65e6562da922aa605e5d7
CODE : B00001
Error : Maximum execution time of 30 seconds exceeded in E:\htdocs\yl_server\branch\libraries\MemLock.php on line 68 
====================================================================================================
2017-07-06 11:09:40 528299
URL:/index.php/2144/Test/C
POST:
CODE : B00001
Error : Maximum execution time of 30 seconds exceeded in E:\htdocs\yl_server\branch\controller\Test.php on line 91 
====================================================================================================
2017-07-06 11:10:39 313483
URL:/index.php/2144/Auth/ResetPassword
POST:password=987654321&new_password=987654321&authtoken=eyJleHAiOjg2NDAwLCJnZW4iOiIxNDk5MzA5ODExIn0.eyJ1c2VyX2lkIjoiNzciLCJ1c2VybmFtZSI6IjY0ODEyNTY1M0BxcS5jb20ifQ.NDRjYmNlOTgwZDliOTRiZjVmMGE2ZmZhODRhNWI4YWE5NzIyYzZhNTc3NDhkOGIyZjdkMzBjM2Y3NThjYjBiYg&sign=8e0fa5dea98f90d6b566ae18ba8b1ec18e9491ffa2e65e6562da922aa605e5d7
CODE : C00009
User Error : 新密码不能和原来的密码一致 in E:\htdocs\yl_server\branch\core\Response.php on line 91 
Backtrace[0]: (function) show_error_code : E:\htdocs\yl_server\branch\controller\Auth.php on line 255 
Backtrace[1]: (function) actionResetPassword : E:\htdocs\yl_server\branch\index.php on line 76 
====================================================================================================
2017-07-06 11:10:42 54917
URL:/index.php/2144/Auth/ResetPassword
POST:password=987654321&new_password=987654321&authtoken=eyJleHAiOjg2NDAwLCJnZW4iOiIxNDk5MzA5ODExIn0.eyJ1c2VyX2lkIjoiNzciLCJ1c2VybmFtZSI6IjY0ODEyNTY1M0BxcS5jb20ifQ.NDRjYmNlOTgwZDliOTRiZjVmMGE2ZmZhODRhNWI4YWE5NzIyYzZhNTc3NDhkOGIyZjdkMzBjM2Y3NThjYjBiYg&sign=8e0fa5dea98f90d6b566ae18ba8b1ec18e9491ffa2e65e6562da922aa605e5d7
CODE : C00009
User Error : 新密码不能和原来的密码一致 in E:\htdocs\yl_server\branch\core\Response.php on line 91 
Backtrace[0]: (function) show_error_code : E:\htdocs\yl_server\branch\controller\Auth.php on line 255 
Backtrace[1]: (function) actionResetPassword : E:\htdocs\yl_server\branch\index.php on line 76 
====================================================================================================
2017-07-06 11:10:43 69766
URL:/index.php/2144/Auth/ResetPassword
POST:password=987654321&new_password=987654321&authtoken=eyJleHAiOjg2NDAwLCJnZW4iOiIxNDk5MzA5ODExIn0.eyJ1c2VyX2lkIjoiNzciLCJ1c2VybmFtZSI6IjY0ODEyNTY1M0BxcS5jb20ifQ.NDRjYmNlOTgwZDliOTRiZjVmMGE2ZmZhODRhNWI4YWE5NzIyYzZhNTc3NDhkOGIyZjdkMzBjM2Y3NThjYjBiYg&sign=8e0fa5dea98f90d6b566ae18ba8b1ec18e9491ffa2e65e6562da922aa605e5d7
CODE : C00009
User Error : 新密码不能和原来的密码一致 in E:\htdocs\yl_server\branch\core\Response.php on line 91 
Backtrace[0]: (function) show_error_code : E:\htdocs\yl_server\branch\controller\Auth.php on line 255 
Backtrace[1]: (function) actionResetPassword : E:\htdocs\yl_server\branch\index.php on line 76 
====================================================================================================
2017-07-06 11:11:36 696223
URL:/index.php/2144/Auth/ResetPassword
POST:password=987654321&new_password=987654321&authtoken=eyJleHAiOjg2NDAwLCJnZW4iOiIxNDk5MzA5ODExIn0.eyJ1c2VyX2lkIjoiNzciLCJ1c2VybmFtZSI6IjY0ODEyNTY1M0BxcS5jb20ifQ.NDRjYmNlOTgwZDliOTRiZjVmMGE2ZmZhODRhNWI4YWE5NzIyYzZhNTc3NDhkOGIyZjdkMzBjM2Y3NThjYjBiYg&sign=8e0fa5dea98f90d6b566ae18ba8b1ec18e9491ffa2e65e6562da922aa605e5d7
CODE : C00009
User Error : 新密码不能和原来的密码一致 in E:\htdocs\yl_server\branch\core\Response.php on line 91 
Backtrace[0]: (function) show_error_code : E:\htdocs\yl_server\branch\controller\Auth.php on line 255 
Backtrace[1]: (function) actionResetPassword : E:\htdocs\yl_server\branch\index.php on line 76 
====================================================================================================
2017-07-06 11:11:59 255993
URL:/index.php/2144/Auth/ResetPassword
POST:password=987654321&new_password=987654321&authtoken=eyJleHAiOjg2NDAwLCJnZW4iOiIxNDk5MzA5ODExIn0.eyJ1c2VyX2lkIjoiNzciLCJ1c2VybmFtZSI6IjY0ODEyNTY1M0BxcS5jb20ifQ.NDRjYmNlOTgwZDliOTRiZjVmMGE2ZmZhODRhNWI4YWE5NzIyYzZhNTc3NDhkOGIyZjdkMzBjM2Y3NThjYjBiYg&sign=8e0fa5dea98f90d6b566ae18ba8b1ec18e9491ffa2e65e6562da922aa605e5d7
CODE : C00009
User Error : 新密码不能和原来的密码一致 in E:\htdocs\yl_server\branch\core\Response.php on line 91 
Backtrace[0]: (function) show_error_code : E:\htdocs\yl_server\branch\controller\Auth.php on line 255 
Backtrace[1]: (function) actionResetPassword : E:\htdocs\yl_server\branch\index.php on line 76 
====================================================================================================
2017-07-06 11:12:13 207547
URL:/index.php/2144/Auth/ResetPassword
POST:password=987654321&new_password=123456&authtoken=eyJleHAiOjg2NDAwLCJnZW4iOiIxNDk5MzA5ODExIn0.eyJ1c2VyX2lkIjoiNzciLCJ1c2VybmFtZSI6IjY0ODEyNTY1M0BxcS5jb20ifQ.NDRjYmNlOTgwZDliOTRiZjVmMGE2ZmZhODRhNWI4YWE5NzIyYzZhNTc3NDhkOGIyZjdkMzBjM2Y3NThjYjBiYg&sign=641f8dc28421f66070cdf42611d78cfd144203c24d5efccd94119775885e6a33
CODE : C00005
User Error : 用户名或者密码错误 in E:\htdocs\yl_server\branch\core\Response.php on line 91 
Backtrace[0]: (function) show_error_code : E:\htdocs\yl_server\branch\controller\Auth.php on line 268 
Backtrace[1]: (function) actionResetPassword : E:\htdocs\yl_server\branch\index.php on line 76 
====================================================================================================
2017-07-06 11:12:22 192831
URL:/index.php/2144/Auth/ResetPassword
POST:password=123456&new_password=123456&authtoken=eyJleHAiOjg2NDAwLCJnZW4iOiIxNDk5MzA5ODExIn0.eyJ1c2VyX2lkIjoiNzciLCJ1c2VybmFtZSI6IjY0ODEyNTY1M0BxcS5jb20ifQ.NDRjYmNlOTgwZDliOTRiZjVmMGE2ZmZhODRhNWI4YWE5NzIyYzZhNTc3NDhkOGIyZjdkMzBjM2Y3NThjYjBiYg&sign=0f6bc0ae8ccd326f03a5f2522750be9bc708fc45d2d2b0e2235241a0fe2bfded
CODE : C00009
User Error : 新密码不能和原来的密码一致 in E:\htdocs\yl_server\branch\core\Response.php on line 91 
Backtrace[0]: (function) show_error_code : E:\htdocs\yl_server\branch\controller\Auth.php on line 255 
Backtrace[1]: (function) actionResetPassword : E:\htdocs\yl_server\branch\index.php on line 76 
====================================================================================================
2017-07-06 11:14:18 208682
URL:/index.php/2144/Auth/ResetPassword
POST:password=123456&new_password=987654321&authtoken=eyJleHAiOjg2NDAwLCJnZW4iOiIxNDk5MzA5ODExIn0.eyJ1c2VyX2lkIjoiNzciLCJ1c2VybmFtZSI6IjY0ODEyNTY1M0BxcS5jb20ifQ.NDRjYmNlOTgwZDliOTRiZjVmMGE2ZmZhODRhNWI4YWE5NzIyYzZhNTc3NDhkOGIyZjdkMzBjM2Y3NThjYjBiYg&sign=d629c58996bad458893b2ddcf3e5ea8c5f8d3fc835deb2022ab938bee2221bff
CODE : C00005
User Error : 用户名或者密码错误 in E:\htdocs\yl_server\branch\core\Response.php on line 91 
Backtrace[0]: (function) show_error_code : E:\htdocs\yl_server\branch\controller\Auth.php on line 268 
Backtrace[1]: (function) actionResetPassword : E:\htdocs\yl_server\branch\index.php on line 76 
